2025-10-30 12:03:53,999 - DatabaseManager - INFO - Connected to database: C:\Users\ADMIN\OneDrive\Desktop\CLOSE-COMBAT\close_combat.db
2025-10-30 12:03:54,081 - DatabaseManager - INFO - Database schema created successfully
2025-10-30 12:03:54,127 - PlayerManager - INFO - Created new player: TestPlayer (ID: 1)
2025-10-30 12:03:54,129 - SettingsManager - INFO - Saved setting background_sound=True for player 1
2025-10-30 12:03:54,138 - MatchTracker - INFO - Recorded match 1 for player 1: WIN
2025-10-30 12:03:54,147 - PlayerManager - INFO - Updated stats for player 1, character WARRIOR: WIN
2025-10-30 12:03:54,159 - MatchTracker - INFO - Recorded match 2 for player 1: WIN
2025-10-30 12:03:54,169 - PlayerManager - INFO - Updated stats for player 1, character WARRIOR: WIN
2025-10-30 12:03:54,180 - MatchTracker - INFO - Recorded match 3 for player 1: LOSS
2025-10-30 12:03:54,189 - PlayerManager - INFO - Updated stats for player 1, character WIZARD: LOSS
2025-10-30 12:03:54,197 - MatchTracker - INFO - Recorded match 4 for player 1: WIN
2025-10-30 12:03:54,208 - PlayerManager - INFO - Updated stats for player 1, character HUNTRESS: WIN
2025-10-30 12:03:54,218 - MatchTracker - INFO - Recorded match 5 for player 1: LOSS
2025-10-30 12:03:54,228 - PlayerManager - INFO - Updated stats for player 1, character WARRIOR: LOSS
2025-10-30 12:03:54,240 - MatchTracker - INFO - Recorded match 6 for player 1: WIN
2025-10-30 12:03:54,249 - PlayerManager - INFO - Updated stats for player 1, character WIZARD: WIN
2025-10-30 12:03:54,261 - MatchTracker - INFO - Recorded match 7 for player 1: LOSS
2025-10-30 12:03:54,272 - PlayerManager - INFO - Updated stats for player 1, character HUNTRESS: LOSS
2025-10-30 12:03:54,281 - MatchTracker - INFO - Recorded match 8 for player 1: WIN
2025-10-30 12:03:54,292 - PlayerManager - INFO - Updated stats for player 1, character WARRIOR: WIN
2025-10-30 12:03:54,302 - MatchTracker - INFO - Recorded match 9 for player 1: LOSS
2025-10-30 12:03:54,312 - PlayerManager - INFO - Updated stats for player 1, character WIZARD: LOSS
2025-10-30 12:03:54,326 - MatchTracker - INFO - Recorded match 10 for player 1: WIN
2025-10-30 12:03:54,334 - PlayerManager - INFO - Updated stats for player 1, character HUNTRESS: WIN
2025-10-30 12:03:54,345 - MatchTracker - INFO - Recorded match 11 for player 1: LOSS
2025-10-30 12:03:54,354 - PlayerManager - INFO - Updated stats for player 1, character WARRIOR: LOSS
2025-10-30 12:03:54,364 - MatchTracker - INFO - Recorded match 12 for player 1: WIN
2025-10-30 12:03:54,372 - PlayerManager - INFO - Updated stats for player 1, character WIZARD: WIN
2025-10-30 12:03:54,381 - MatchTracker - INFO - Recorded match 13 for player 1: LOSS
2025-10-30 12:03:54,390 - PlayerManager - INFO - Updated stats for player 1, character HUNTRESS: LOSS
2025-10-30 12:03:54,392 - DatabaseManager - INFO - Database integrity check passed
2025-10-30 12:03:54,394 - DatabaseManager - INFO - Database connection closed
2025-10-30 12:09:20,719 - DatabaseManager - INFO - Connected to database: C:\Users\ADMIN\OneDrive\Desktop\CLOSE-COMBAT\close_combat.db
2025-10-30 12:09:20,720 - DatabaseManager - INFO - Database schema created successfully
2025-10-30 12:09:20,721 - GameSession - INFO - Database initialized successfully
2025-10-30 12:09:20,721 - SettingsManager - INFO - Initialized default settings
2025-10-30 12:09:20,721 - GameSession - ERROR - Failed to create player: IntegrationTestPlayer
2025-10-30 12:09:20,722 - DatabaseManager - INFO - Database connection closed
2025-10-30 12:10:15,741 - DatabaseManager - INFO - Connected to database: C:\Users\ADMIN\OneDrive\Desktop\CLOSE-COMBAT\close_combat.db
2025-10-30 12:10:15,815 - DatabaseManager - INFO - Database schema created successfully
2025-10-30 12:10:15,816 - GameSession - INFO - Database initialized successfully
2025-10-30 12:10:15,816 - SettingsManager - INFO - Initialized default settings
2025-10-30 12:10:15,817 - GameSession - ERROR - Failed to create player: IntegrationTestPlayer
2025-10-30 12:10:15,818 - DatabaseManager - INFO - Database connection closed
2025-10-30 12:11:40,123 - DatabaseManager - INFO - Connected to database: C:\Users\ADMIN\OneDrive\Desktop\CLOSE-COMBAT\close_combat.db
2025-10-30 12:11:40,197 - DatabaseManager - INFO - Database schema created successfully
2025-10-30 12:11:40,197 - GameSession - INFO - Database initialized successfully
2025-10-30 12:11:40,198 - SettingsManager - INFO - Initialized default settings
2025-10-30 12:11:40,198 - GameSession - ERROR - Failed to create player: IntegrationTestPlayer
2025-10-30 12:11:40,199 - DatabaseManager - INFO - Database connection closed
2025-10-30 12:12:13,948 - DatabaseManager - INFO - Connected to database: C:\Users\ADMIN\OneDrive\Desktop\CLOSE-COMBAT\close_combat.db
2025-10-30 12:12:14,037 - DatabaseManager - INFO - Database schema created successfully
2025-10-30 12:12:14,040 - GameSession - INFO - Database initialized successfully
2025-10-30 12:12:14,041 - SettingsManager - INFO - Initialized default settings
2025-10-30 12:12:14,042 - GameSession - ERROR - Failed to create player: IntegrationTestPlayer
2025-10-30 12:12:14,043 - DatabaseManager - INFO - Database connection closed
2025-10-30 12:13:08,924 - DatabaseManager - INFO - Connected to database: C:\Users\ADMIN\OneDrive\Desktop\CLOSE-COMBAT\close_combat.db
2025-10-30 12:13:09,009 - DatabaseManager - INFO - Database schema created successfully
2025-10-30 12:13:09,010 - GameSession - INFO - Database initialized successfully
2025-10-30 12:13:09,010 - SettingsManager - INFO - Initialized default settings
2025-10-30 12:13:09,011 - GameSession - ERROR - Failed to create player: IntegrationTestPlayer
2025-10-30 12:13:09,012 - DatabaseManager - INFO - Database connection closed
2025-10-30 12:14:05,424 - DatabaseManager - INFO - Connected to database: C:\Users\ADMIN\OneDrive\Desktop\CLOSE-COMBAT\close_combat.db
2025-10-30 12:14:05,503 - DatabaseManager - INFO - Database schema created successfully
2025-10-30 12:14:05,503 - GameSession - INFO - Database initialized successfully
2025-10-30 12:14:05,504 - SettingsManager - INFO - Initialized default settings
2025-10-30 12:14:05,504 - PlayerManager - INFO - Starting player creation for: IntegrationTestPlayer
2025-10-30 12:14:05,504 - PlayerManager - ERROR - Player name validation failed for: IntegrationTestPlayer
2025-10-30 12:14:05,504 - GameSession - ERROR - Failed to create player: IntegrationTestPlayer
2025-10-30 12:14:05,505 - DatabaseManager - INFO - Database connection closed
2025-10-30 12:14:31,149 - DatabaseManager - INFO - Connected to database: C:\Users\ADMIN\OneDrive\Desktop\CLOSE-COMBAT\close_combat.db
2025-10-30 12:14:31,227 - DatabaseManager - INFO - Database schema created successfully
2025-10-30 12:14:31,227 - GameSession - INFO - Database initialized successfully
2025-10-30 12:14:31,228 - SettingsManager - INFO - Initialized default settings
2025-10-30 12:14:31,229 - PlayerManager - INFO - Starting player creation for: IntegrationTestPlayer
2025-10-30 12:14:31,229 - PlayerManager - INFO - Validating player name: 'IntegrationTestPlayer'
2025-10-30 12:14:31,229 - PlayerManager - ERROR - Player name too long: 21 characters
2025-10-30 12:14:31,229 - PlayerManager - ERROR - Player name validation failed for: IntegrationTestPlayer
2025-10-30 12:14:31,229 - GameSession - ERROR - Failed to create player: IntegrationTestPlayer
2025-10-30 12:14:31,230 - DatabaseManager - INFO - Database connection closed
2025-10-30 12:15:00,571 - DatabaseManager - INFO - Connected to database: C:\Users\ADMIN\OneDrive\Desktop\CLOSE-COMBAT\close_combat.db
2025-10-30 12:15:00,651 - DatabaseManager - INFO - Database schema created successfully
2025-10-30 12:15:00,651 - GameSession - INFO - Database initialized successfully
2025-10-30 12:15:00,652 - SettingsManager - INFO - Initialized default settings
2025-10-30 12:15:00,652 - PlayerManager - INFO - Starting player creation for: TestPlayer
2025-10-30 12:15:00,652 - PlayerManager - INFO - Validating player name: 'TestPlayer'
2025-10-30 12:15:00,653 - PlayerManager - INFO - Player name validation passed: 'TestPlayer'
2025-10-30 12:15:00,653 - PlayerManager - INFO - Player name 'TestPlayer' is available, creating new player
2025-10-30 12:15:00,689 - PlayerManager - INFO - Created new player: TestPlayer (ID: 1)
2025-10-30 12:15:00,690 - GameSession - INFO - Created new player: TestPlayer
2025-10-30 12:15:00,691 - SettingsManager - INFO - Saved setting background_sound=True for player 1
2025-10-30 12:15:00,702 - SettingsManager - INFO - Saved setting player_sound=False for player 1
2025-10-30 12:15:00,714 - MatchTracker - INFO - Recorded match 1 for player 1: WIN
2025-10-30 12:15:00,723 - PlayerManager - INFO - Updated stats for player 1, character WARRIOR: WIN
2025-10-30 12:15:00,724 - GameSession - INFO - Match recorded: WIN with WARRIOR vs WIZARD
2025-10-30 14:16:55,106 - DatabaseManager - INFO - Connected to database: c:\Users\ADMIN\OneDrive\Desktop\CLOSE-COMBAT\close_combat.db
2025-10-30 14:16:55,111 - DatabaseManager - INFO - Database schema created successfully
2025-10-30 14:16:55,111 - GameSession - INFO - Database initialized successfully
2025-10-30 14:16:55,112 - SettingsManager - INFO - Initialized default settings
2025-10-30 14:16:55,149 - PlayerManager - INFO - Created new player: Player1 (ID: 2)
2025-10-30 14:16:55,149 - GameSession - INFO - Created new player: Player1
2025-10-30 14:19:15,642 - MatchTracker - INFO - Recorded match 2 for player 2: LOSS
2025-10-30 14:19:15,651 - PlayerManager - INFO - Updated stats for player 2, character WIZARD: LOSS
2025-10-30 14:19:15,651 - GameSession - INFO - Match recorded: LOSS with WIZARD vs HERO_KNIGHT
2025-10-30 15:35:19,617 - DatabaseManager - INFO - Connected to database: c:\Users\ADMIN\OneDrive\Desktop\CLOSE-COMBAT\close_combat.db
2025-10-30 15:35:19,622 - DatabaseManager - INFO - Database schema created successfully
2025-10-30 15:35:19,622 - GameSession - INFO - Database initialized successfully
2025-10-30 15:35:19,622 - SettingsManager - INFO - Initialized default settings
2025-10-30 15:35:19,622 - GameSession - INFO - Loaded existing player: Player1
2025-10-30 15:47:44,135 - DatabaseManager - INFO - Connected to database: c:\Users\ADMIN\OneDrive\Desktop\CLOSE-COMBAT\close_combat.db
2025-10-30 15:47:44,156 - DatabaseManager - INFO - Database schema created successfully
2025-10-30 15:47:44,156 - GameSession - INFO - Database initialized successfully
2025-10-30 15:47:44,156 - SettingsManager - INFO - Initialized default settings
2025-10-30 15:47:44,156 - GameSession - INFO - Loaded existing player: Player1
2025-10-30 16:16:55,164 - DatabaseManager - INFO - Connected to database: C:\Users\ADMIN\OneDrive\Desktop\CLOSE-COMBAT\close_combat.db
2025-10-30 16:16:55,170 - DatabaseManager - INFO - Database schema created successfully
2025-10-30 16:16:55,172 - GameSession - INFO - Database initialized successfully
2025-10-30 16:16:55,172 - SettingsManager - INFO - Initialized default settings
2025-10-30 16:17:20,276 - DatabaseManager - ERROR - Fetch all error: no such column: p.name
2025-10-30 16:17:20,291 - DatabaseManager - ERROR - Fetch all error: no such column: p.name
2025-10-30 16:17:20,307 - DatabaseManager - ERROR - Fetch all error: no such column: p.name
2025-10-30 16:17:20,324 - DatabaseManager - ERROR - Fetch all error: no such column: p.name
2025-10-30 16:17:20,340 - DatabaseManager - ERROR - Fetch all error: no such column: p.name
2025-10-30 16:17:20,356 - DatabaseManager - ERROR - Fetch all error: no such column: p.name
2025-10-30 16:17:20,374 - DatabaseManager - ERROR - Fetch all error: no such column: p.name
2025-10-30 16:17:20,392 - DatabaseManager - ERROR - Fetch all error: no such column: p.name
2025-10-30 16:17:20,409 - DatabaseManager - ERROR - Fetch all error: no such column: p.name
2025-10-30 16:17:20,425 - DatabaseManager - ERROR - Fetch all error: no such column: p.name
2025-10-30 16:17:20,441 - DatabaseManager - ERROR - Fetch all error: no such column: p.name
2025-10-30 16:17:20,459 - DatabaseManager - ERROR - Fetch all error: no such column: p.name
2025-10-30 16:17:20,475 - DatabaseManager - ERROR - Fetch all error: no such column: p.name
2025-10-30 16:17:20,491 - DatabaseManager - ERROR - Fetch all error: no such column: p.name
2025-10-30 16:17:20,507 - DatabaseManager - ERROR - Fetch all error: no such column: p.name
2025-10-30 16:17:20,523 - DatabaseManager - ERROR - Fetch all error: no such column: p.name
2025-10-30 16:17:20,540 - DatabaseManager - ERROR - Fetch all error: no such column: p.name
2025-10-30 16:17:20,558 - DatabaseManager - ERROR - Fetch all error: no such column: p.name
2025-10-30 16:17:20,575 - DatabaseManager - ERROR - Fetch all error: no such column: p.name
2025-10-30 16:17:20,591 - DatabaseManager - ERROR - Fetch all error: no such column: p.name
2025-10-30 16:17:20,607 - DatabaseManager - ERROR - Fetch all error: no such column: p.name
2025-10-30 16:17:20,624 - DatabaseManager - ERROR - Fetch all error: no such column: p.name
2025-10-30 16:17:20,641 - DatabaseManager - ERROR - Fetch all error: no such column: p.name
2025-10-30 16:17:20,660 - DatabaseManager - ERROR - Fetch all error: no such column: p.name
2025-10-30 16:17:20,674 - DatabaseManager - ERROR - Fetch all error: no such column: p.name
2025-10-30 16:17:20,691 - DatabaseManager - ERROR - Fetch all error: no such column: p.name
2025-10-30 16:17:20,707 - DatabaseManager - ERROR - Fetch all error: no such column: p.name
2025-10-30 16:17:20,723 - DatabaseManager - ERROR - Fetch all error: no such column: p.name
2025-10-30 16:17:20,740 - DatabaseManager - ERROR - Fetch all error: no such column: p.name
2025-10-30 16:17:20,756 - DatabaseManager - ERROR - Fetch all error: no such column: p.name
2025-10-30 16:17:20,772 - DatabaseManager - ERROR - Fetch all error: no such column: p.name
2025-10-30 16:17:20,788 - DatabaseManager - ERROR - Fetch all error: no such column: p.name
2025-10-30 16:17:20,805 - DatabaseManager - ERROR - Fetch all error: no such column: p.name
2025-10-30 16:17:20,824 - DatabaseManager - ERROR - Fetch all error: no such column: p.name
2025-10-30 16:17:20,839 - DatabaseManager - ERROR - Fetch all error: no such column: p.name
2025-10-30 16:17:20,855 - DatabaseManager - ERROR - Fetch all error: no such column: p.name
2025-10-30 16:17:20,872 - DatabaseManager - ERROR - Fetch all error: no such column: p.name
2025-10-30 16:17:20,889 - DatabaseManager - ERROR - Fetch all error: no such column: p.name
2025-10-30 16:17:20,905 - DatabaseManager - ERROR - Fetch all error: no such column: p.name
2025-10-30 16:17:20,923 - DatabaseManager - ERROR - Fetch all error: no such column: p.name
2025-10-30 16:17:20,946 - DatabaseManager - ERROR - Fetch all error: no such column: p.name
2025-10-30 16:17:20,957 - DatabaseManager - ERROR - Fetch all error: no such column: p.name
2025-10-30 16:17:20,979 - DatabaseManager - ERROR - Fetch all error: no such column: p.name
2025-10-30 16:17:20,990 - DatabaseManager - ERROR - Fetch all error: no such column: p.name
2025-10-30 16:17:21,007 - DatabaseManager - ERROR - Fetch all error: no such column: p.name
2025-10-30 16:17:21,023 - DatabaseManager - ERROR - Fetch all error: no such column: p.name
2025-10-30 16:17:21,039 - DatabaseManager - ERROR - Fetch all error: no such column: p.name
2025-10-30 16:17:21,055 - DatabaseManager - ERROR - Fetch all error: no such column: p.name
2025-10-30 16:17:21,071 - DatabaseManager - ERROR - Fetch all error: no such column: p.name
2025-10-30 16:17:21,088 - DatabaseManager - ERROR - Fetch all error: no such column: p.name
2025-10-30 16:17:21,104 - DatabaseManager - ERROR - Fetch all error: no such column: p.name
2025-10-30 16:17:21,123 - DatabaseManager - ERROR - Fetch all error: no such column: p.name
2025-10-30 16:17:21,140 - DatabaseManager - ERROR - Fetch all error: no such column: p.name
2025-10-30 16:17:21,157 - DatabaseManager - ERROR - Fetch all error: no such column: p.name
2025-10-30 16:17:21,175 - DatabaseManager - ERROR - Fetch all error: no such column: p.name
2025-10-30 16:17:21,189 - DatabaseManager - ERROR - Fetch all error: no such column: p.name
2025-10-30 16:17:21,201 - DatabaseManager - ERROR - Fetch all error: no such column: p.name
2025-10-30 16:17:21,218 - DatabaseManager - ERROR - Fetch all error: no such column: p.name
2025-10-30 16:17:21,236 - DatabaseManager - ERROR - Fetch all error: no such column: p.name
2025-10-30 16:17:21,253 - DatabaseManager - ERROR - Fetch all error: no such column: p.name
2025-10-30 16:17:21,267 - DatabaseManager - ERROR - Fetch all error: no such column: p.name
2025-10-30 16:17:21,283 - DatabaseManager - ERROR - Fetch all error: no such column: p.name
2025-10-30 16:17:21,299 - DatabaseManager - ERROR - Fetch all error: no such column: p.name
2025-10-30 16:17:21,316 - DatabaseManager - ERROR - Fetch all error: no such column: p.name
2025-10-30 16:17:21,333 - DatabaseManager - ERROR - Fetch all error: no such column: p.name
2025-10-30 16:17:21,349 - DatabaseManager - ERROR - Fetch all error: no such column: p.name
2025-10-30 16:17:21,368 - DatabaseManager - ERROR - Fetch all error: no such column: p.name
2025-10-30 16:17:21,383 - DatabaseManager - ERROR - Fetch all error: no such column: p.name
2025-10-30 16:17:21,401 - DatabaseManager - ERROR - Fetch all error: no such column: p.name
2025-10-30 16:17:21,417 - DatabaseManager - ERROR - Fetch all error: no such column: p.name
2025-10-30 16:17:21,436 - DatabaseManager - ERROR - Fetch all error: no such column: p.name
2025-10-30 16:17:21,454 - DatabaseManager - ERROR - Fetch all error: no such column: p.name
2025-10-30 16:17:21,470 - DatabaseManager - ERROR - Fetch all error: no such column: p.name
2025-10-30 16:17:21,486 - DatabaseManager - ERROR - Fetch all error: no such column: p.name
2025-10-30 16:17:21,502 - DatabaseManager - ERROR - Fetch all error: no such column: p.name
2025-10-30 16:17:21,515 - DatabaseManager - ERROR - Fetch all error: no such column: p.name
2025-10-30 16:17:21,533 - DatabaseManager - ERROR - Fetch all error: no such column: p.name
2025-10-30 16:17:21,548 - DatabaseManager - ERROR - Fetch all error: no such column: p.name
2025-10-30 16:17:21,564 - DatabaseManager - ERROR - Fetch all error: no such column: p.name
2025-10-30 16:17:21,582 - DatabaseManager - ERROR - Fetch all error: no such column: p.name
2025-10-30 16:17:21,598 - DatabaseManager - ERROR - Fetch all error: no such column: p.name
2025-10-30 16:17:21,616 - DatabaseManager - ERROR - Fetch all error: no such column: p.name
2025-10-30 16:17:21,632 - DatabaseManager - ERROR - Fetch all error: no such column: p.name
2025-10-30 16:17:21,648 - DatabaseManager - ERROR - Fetch all error: no such column: p.name
2025-10-30 16:17:21,666 - DatabaseManager - ERROR - Fetch all error: no such column: p.name
2025-10-30 16:17:21,681 - DatabaseManager - ERROR - Fetch all error: no such column: p.name
2025-10-30 16:17:21,696 - DatabaseManager - ERROR - Fetch all error: no such column: p.name
2025-10-30 16:17:21,713 - DatabaseManager - ERROR - Fetch all error: no such column: p.name
2025-10-30 16:17:21,731 - DatabaseManager - ERROR - Fetch all error: no such column: p.name
2025-10-30 16:17:21,746 - DatabaseManager - ERROR - Fetch all error: no such column: p.name
2025-10-30 16:17:21,763 - DatabaseManager - ERROR - Fetch all error: no such column: p.name
2025-10-30 16:17:21,780 - DatabaseManager - ERROR - Fetch all error: no such column: p.name
2025-10-30 16:17:21,797 - DatabaseManager - ERROR - Fetch all error: no such column: p.name
2025-10-30 16:17:21,813 - DatabaseManager - ERROR - Fetch all error: no such column: p.name
2025-10-30 16:17:21,830 - DatabaseManager - ERROR - Fetch all error: no such column: p.name
2025-10-30 16:17:21,848 - DatabaseManager - ERROR - Fetch all error: no such column: p.name
2025-10-30 16:17:21,864 - DatabaseManager - ERROR - Fetch all error: no such column: p.name
2025-10-30 16:17:21,880 - DatabaseManager - ERROR - Fetch all error: no such column: p.name
2025-10-30 16:17:21,898 - DatabaseManager - ERROR - Fetch all error: no such column: p.name
2025-10-30 16:17:21,915 - DatabaseManager - ERROR - Fetch all error: no such column: p.name
2025-10-30 16:17:21,931 - DatabaseManager - ERROR - Fetch all error: no such column: p.name
2025-10-30 16:17:21,948 - DatabaseManager - ERROR - Fetch all error: no such column: p.name
2025-10-30 16:17:21,969 - DatabaseManager - ERROR - Fetch all error: no such column: p.name
2025-10-30 16:17:21,982 - DatabaseManager - ERROR - Fetch all error: no such column: p.name
2025-10-30 16:17:21,998 - DatabaseManager - ERROR - Fetch all error: no such column: p.name
2025-10-30 16:17:22,015 - DatabaseManager - ERROR - Fetch all error: no such column: p.name
2025-10-30 16:17:22,031 - DatabaseManager - ERROR - Fetch all error: no such column: p.name
2025-10-30 16:17:22,047 - DatabaseManager - ERROR - Fetch all error: no such column: p.name
2025-10-30 16:17:22,063 - DatabaseManager - ERROR - Fetch all error: no such column: p.name
2025-10-30 16:17:23,903 - DatabaseManager - ERROR - Fetch all error: no such column: p.name
2025-10-30 16:17:23,918 - DatabaseManager - ERROR - Fetch all error: no such column: p.name
2025-10-30 16:17:23,935 - DatabaseManager - ERROR - Fetch all error: no such column: p.name
2025-10-30 16:17:23,952 - DatabaseManager - ERROR - Fetch all error: no such column: p.name
2025-10-30 16:17:23,969 - DatabaseManager - ERROR - Fetch all error: no such column: p.name
2025-10-30 16:17:23,984 - DatabaseManager - ERROR - Fetch all error: no such column: p.name
2025-10-30 16:17:24,001 - DatabaseManager - ERROR - Fetch all error: no such column: p.name
2025-10-30 16:17:24,018 - DatabaseManager - ERROR - Fetch all error: no such column: p.name
2025-10-30 16:17:24,037 - DatabaseManager - ERROR - Fetch all error: no such column: p.name
2025-10-30 16:17:24,052 - DatabaseManager - ERROR - Fetch all error: no such column: p.name
2025-10-30 16:17:24,068 - DatabaseManager - ERROR - Fetch all error: no such column: p.name
2025-10-30 16:17:24,085 - DatabaseManager - ERROR - Fetch all error: no such column: p.name
2025-10-30 16:17:24,101 - DatabaseManager - ERROR - Fetch all error: no such column: p.name
2025-10-30 16:17:24,119 - DatabaseManager - ERROR - Fetch all error: no such column: p.name
2025-10-30 16:17:24,136 - DatabaseManager - ERROR - Fetch all error: no such column: p.name
2025-10-30 16:17:24,153 - DatabaseManager - ERROR - Fetch all error: no such column: p.name
2025-10-30 16:17:24,168 - DatabaseManager - ERROR - Fetch all error: no such column: p.name
2025-10-30 16:17:24,186 - DatabaseManager - ERROR - Fetch all error: no such column: p.name
2025-10-30 16:17:24,201 - DatabaseManager - ERROR - Fetch all error: no such column: p.name
2025-10-30 16:17:24,217 - DatabaseManager - ERROR - Fetch all error: no such column: p.name
2025-10-30 16:17:24,234 - DatabaseManager - ERROR - Fetch all error: no such column: p.name
2025-10-30 16:17:24,251 - DatabaseManager - ERROR - Fetch all error: no such column: p.name
2025-10-30 16:17:24,270 - DatabaseManager - ERROR - Fetch all error: no such column: p.name
2025-10-30 16:17:24,284 - DatabaseManager - ERROR - Fetch all error: no such column: p.name
2025-10-30 16:17:24,301 - DatabaseManager - ERROR - Fetch all error: no such column: p.name
2025-10-30 16:17:24,318 - DatabaseManager - ERROR - Fetch all error: no such column: p.name
2025-10-30 16:17:24,334 - DatabaseManager - ERROR - Fetch all error: no such column: p.name
2025-10-30 16:17:24,351 - DatabaseManager - ERROR - Fetch all error: no such column: p.name
2025-10-30 16:17:24,368 - DatabaseManager - ERROR - Fetch all error: no such column: p.name
2025-10-30 16:17:24,384 - DatabaseManager - ERROR - Fetch all error: no such column: p.name
2025-10-30 16:17:24,401 - DatabaseManager - ERROR - Fetch all error: no such column: p.name
2025-10-30 16:17:24,417 - DatabaseManager - ERROR - Fetch all error: no such column: p.name
2025-10-30 16:17:24,435 - DatabaseManager - ERROR - Fetch all error: no such column: p.name
2025-10-30 16:17:24,451 - DatabaseManager - ERROR - Fetch all error: no such column: p.name
2025-10-30 16:17:24,467 - DatabaseManager - ERROR - Fetch all error: no such column: p.name
2025-10-30 16:17:24,486 - DatabaseManager - ERROR - Fetch all error: no such column: p.name
2025-10-30 16:17:24,501 - DatabaseManager - ERROR - Fetch all error: no such column: p.name
2025-10-30 16:17:24,523 - DatabaseManager - ERROR - Fetch all error: no such column: p.name
2025-10-30 16:17:24,534 - DatabaseManager - ERROR - Fetch all error: no such column: p.name
2025-10-30 16:17:24,553 - DatabaseManager - ERROR - Fetch all error: no such column: p.name
2025-10-30 16:17:24,569 - DatabaseManager - ERROR - Fetch all error: no such column: p.name
2025-10-30 16:17:24,621 - DatabaseManager - ERROR - Fetch all error: no such column: p.name
2025-10-30 16:17:24,638 - DatabaseManager - ERROR - Fetch all error: no such column: p.name
2025-10-30 16:17:24,656 - DatabaseManager - ERROR - Fetch all error: no such column: p.name
2025-10-30 16:17:24,671 - DatabaseManager - ERROR - Fetch all error: no such column: p.name
2025-10-30 16:17:24,688 - DatabaseManager - ERROR - Fetch all error: no such column: p.name
2025-10-30 16:17:24,704 - DatabaseManager - ERROR - Fetch all error: no such column: p.name
2025-10-30 16:17:24,721 - DatabaseManager - ERROR - Fetch all error: no such column: p.name
2025-10-30 16:17:24,740 - DatabaseManager - ERROR - Fetch all error: no such column: p.name
2025-10-30 16:17:24,756 - DatabaseManager - ERROR - Fetch all error: no such column: p.name
2025-10-30 16:17:24,773 - DatabaseManager - ERROR - Fetch all error: no such column: p.name
2025-10-30 16:17:24,788 - DatabaseManager - ERROR - Fetch all error: no such column: p.name
2025-10-30 16:17:24,805 - DatabaseManager - ERROR - Fetch all error: no such column: p.name
2025-10-30 16:17:24,824 - DatabaseManager - ERROR - Fetch all error: no such column: p.name
2025-10-30 16:17:24,838 - DatabaseManager - ERROR - Fetch all error: no such column: p.name
2025-10-30 16:17:24,854 - DatabaseManager - ERROR - Fetch all error: no such column: p.name
2025-10-30 16:17:24,871 - DatabaseManager - ERROR - Fetch all error: no such column: p.name
2025-10-30 16:17:24,888 - DatabaseManager - ERROR - Fetch all error: no such column: p.name
2025-10-30 16:17:24,906 - DatabaseManager - ERROR - Fetch all error: no such column: p.name
2025-10-30 16:17:24,920 - DatabaseManager - ERROR - Fetch all error: no such column: p.name
2025-10-30 16:17:24,938 - DatabaseManager - ERROR - Fetch all error: no such column: p.name
2025-10-30 16:17:24,956 - DatabaseManager - ERROR - Fetch all error: no such column: p.name
2025-10-30 16:17:24,972 - DatabaseManager - ERROR - Fetch all error: no such column: p.name
2025-10-30 16:17:24,991 - DatabaseManager - ERROR - Fetch all error: no such column: p.name
2025-10-30 16:17:25,005 - DatabaseManager - ERROR - Fetch all error: no such column: p.name
2025-10-30 16:17:25,023 - DatabaseManager - ERROR - Fetch all error: no such column: p.name
2025-10-30 16:17:25,039 - DatabaseManager - ERROR - Fetch all error: no such column: p.name
2025-10-30 16:17:25,056 - DatabaseManager - ERROR - Fetch all error: no such column: p.name
2025-10-30 16:17:25,072 - DatabaseManager - ERROR - Fetch all error: no such column: p.name
2025-10-30 16:17:25,089 - DatabaseManager - ERROR - Fetch all error: no such column: p.name
2025-10-30 16:17:25,108 - DatabaseManager - ERROR - Fetch all error: no such column: p.name
2025-10-30 16:17:25,122 - DatabaseManager - ERROR - Fetch all error: no such column: p.name
2025-10-30 16:17:25,139 - DatabaseManager - ERROR - Fetch all error: no such column: p.name
2025-10-30 16:17:25,155 - DatabaseManager - ERROR - Fetch all error: no such column: p.name
2025-10-30 16:17:25,171 - DatabaseManager - ERROR - Fetch all error: no such column: p.name
2025-10-30 16:17:25,188 - DatabaseManager - ERROR - Fetch all error: no such column: p.name
2025-10-30 16:17:25,205 - DatabaseManager - ERROR - Fetch all error: no such column: p.name
2025-10-30 16:17:25,222 - DatabaseManager - ERROR - Fetch all error: no such column: p.name
2025-10-30 16:17:25,239 - DatabaseManager - ERROR - Fetch all error: no such column: p.name
2025-10-30 16:17:25,255 - DatabaseManager - ERROR - Fetch all error: no such column: p.name
2025-10-30 16:17:25,271 - DatabaseManager - ERROR - Fetch all error: no such column: p.name
2025-10-30 16:17:25,287 - DatabaseManager - ERROR - Fetch all error: no such column: p.name
2025-10-30 16:17:25,304 - DatabaseManager - ERROR - Fetch all error: no such column: p.name
2025-10-30 16:17:25,320 - DatabaseManager - ERROR - Fetch all error: no such column: p.name
2025-10-30 16:17:25,340 - DatabaseManager - ERROR - Fetch all error: no such column: p.name
2025-10-30 16:17:25,358 - DatabaseManager - ERROR - Fetch all error: no such column: p.name
2025-10-30 16:17:25,373 - DatabaseManager - ERROR - Fetch all error: no such column: p.name
2025-10-30 16:17:25,391 - DatabaseManager - ERROR - Fetch all error: no such column: p.name
2025-10-30 16:17:25,407 - DatabaseManager - ERROR - Fetch all error: no such column: p.name
2025-10-30 16:17:25,420 - DatabaseManager - ERROR - Fetch all error: no such column: p.name
2025-10-30 16:17:25,438 - DatabaseManager - ERROR - Fetch all error: no such column: p.name
2025-10-30 16:17:25,453 - DatabaseManager - ERROR - Fetch all error: no such column: p.name
2025-10-30 16:17:25,471 - DatabaseManager - ERROR - Fetch all error: no such column: p.name
2025-10-30 16:17:25,487 - DatabaseManager - ERROR - Fetch all error: no such column: p.name
2025-10-30 16:17:25,505 - DatabaseManager - ERROR - Fetch all error: no such column: p.name
2025-10-30 16:17:25,521 - DatabaseManager - ERROR - Fetch all error: no such column: p.name
2025-10-30 16:17:25,536 - DatabaseManager - ERROR - Fetch all error: no such column: p.name
2025-10-30 16:17:25,551 - DatabaseManager - ERROR - Fetch all error: no such column: p.name
2025-10-30 16:17:25,568 - DatabaseManager - ERROR - Fetch all error: no such column: p.name
2025-10-30 16:17:25,585 - DatabaseManager - ERROR - Fetch all error: no such column: p.name
2025-10-30 16:17:25,601 - DatabaseManager - ERROR - Fetch all error: no such column: p.name
2025-10-30 16:17:25,616 - DatabaseManager - ERROR - Fetch all error: no such column: p.name
2025-10-30 16:17:25,631 - DatabaseManager - ERROR - Fetch all error: no such column: p.name
2025-10-30 16:17:25,649 - DatabaseManager - ERROR - Fetch all error: no such column: p.name
2025-10-30 16:17:25,665 - DatabaseManager - ERROR - Fetch all error: no such column: p.name
2025-10-30 16:17:25,680 - DatabaseManager - ERROR - Fetch all error: no such column: p.name
2025-10-30 16:17:25,698 - DatabaseManager - ERROR - Fetch all error: no such column: p.name
2025-10-30 16:17:25,714 - DatabaseManager - ERROR - Fetch all error: no such column: p.name
2025-10-30 16:17:25,730 - DatabaseManager - ERROR - Fetch all error: no such column: p.name
2025-10-30 16:17:25,747 - DatabaseManager - ERROR - Fetch all error: no such column: p.name
2025-10-30 16:17:25,763 - DatabaseManager - ERROR - Fetch all error: no such column: p.name
2025-10-30 16:17:25,780 - DatabaseManager - ERROR - Fetch all error: no such column: p.name
2025-10-30 16:17:25,797 - DatabaseManager - ERROR - Fetch all error: no such column: p.name
2025-10-30 16:17:25,813 - DatabaseManager - ERROR - Fetch all error: no such column: p.name
2025-10-30 16:17:25,830 - DatabaseManager - ERROR - Fetch all error: no such column: p.name
2025-10-30 16:17:25,846 - DatabaseManager - ERROR - Fetch all error: no such column: p.name
2025-10-30 16:17:25,861 - DatabaseManager - ERROR - Fetch all error: no such column: p.name
2025-10-30 16:17:25,879 - DatabaseManager - ERROR - Fetch all error: no such column: p.name
2025-10-30 16:17:25,896 - DatabaseManager - ERROR - Fetch all error: no such column: p.name
2025-10-30 16:17:25,913 - DatabaseManager - ERROR - Fetch all error: no such column: p.name
2025-10-30 16:17:25,931 - DatabaseManager - ERROR - Fetch all error: no such column: p.name
2025-10-30 16:17:25,947 - DatabaseManager - ERROR - Fetch all error: no such column: p.name
2025-10-30 16:17:25,962 - DatabaseManager - ERROR - Fetch all error: no such column: p.name
2025-10-30 16:17:25,980 - DatabaseManager - ERROR - Fetch all error: no such column: p.name
2025-10-30 16:17:25,996 - DatabaseManager - ERROR - Fetch all error: no such column: p.name
2025-10-30 16:17:26,014 - DatabaseManager - ERROR - Fetch all error: no such column: p.name
2025-10-30 16:17:26,031 - DatabaseManager - ERROR - Fetch all error: no such column: p.name
2025-10-30 16:17:26,049 - DatabaseManager - ERROR - Fetch all error: no such column: p.name
2025-10-30 16:17:26,066 - DatabaseManager - ERROR - Fetch all error: no such column: p.name
2025-10-30 16:17:26,082 - DatabaseManager - ERROR - Fetch all error: no such column: p.name
2025-10-30 16:17:26,099 - DatabaseManager - ERROR - Fetch all error: no such column: p.name
2025-10-30 16:17:26,115 - DatabaseManager - ERROR - Fetch all error: no such column: p.name
2025-10-30 16:17:26,132 - DatabaseManager - ERROR - Fetch all error: no such column: p.name
2025-10-30 16:17:26,148 - DatabaseManager - ERROR - Fetch all error: no such column: p.name
2025-10-30 16:17:26,161 - DatabaseManager - ERROR - Fetch all error: no such column: p.name
2025-10-30 16:17:26,180 - DatabaseManager - ERROR - Fetch all error: no such column: p.name
2025-10-30 16:17:26,196 - DatabaseManager - ERROR - Fetch all error: no such column: p.name
2025-10-30 16:17:26,213 - DatabaseManager - ERROR - Fetch all error: no such column: p.name
2025-10-30 16:17:26,232 - DatabaseManager - ERROR - Fetch all error: no such column: p.name
2025-10-30 16:17:26,246 - DatabaseManager - ERROR - Fetch all error: no such column: p.name
2025-10-30 16:17:26,264 - DatabaseManager - ERROR - Fetch all error: no such column: p.name
2025-10-30 16:17:26,281 - DatabaseManager - ERROR - Fetch all error: no such column: p.name
2025-10-30 16:17:26,297 - DatabaseManager - ERROR - Fetch all error: no such column: p.name
2025-10-30 16:17:26,311 - DatabaseManager - ERROR - Fetch all error: no such column: p.name
2025-10-30 16:17:26,329 - DatabaseManager - ERROR - Fetch all error: no such column: p.name
2025-10-30 16:17:26,347 - DatabaseManager - ERROR - Fetch all error: no such column: p.name
2025-10-30 16:17:26,363 - DatabaseManager - ERROR - Fetch all error: no such column: p.name
2025-10-30 16:17:26,377 - DatabaseManager - ERROR - Fetch all error: no such column: p.name
2025-10-30 16:17:26,394 - DatabaseManager - ERROR - Fetch all error: no such column: p.name
2025-10-30 16:17:26,410 - DatabaseManager - ERROR - Fetch all error: no such column: p.name
2025-10-30 16:17:26,428 - DatabaseManager - ERROR - Fetch all error: no such column: p.name
2025-10-30 16:17:26,445 - DatabaseManager - ERROR - Fetch all error: no such column: p.name
2025-10-30 16:17:26,460 - DatabaseManager - ERROR - Fetch all error: no such column: p.name
2025-10-30 16:17:26,477 - DatabaseManager - ERROR - Fetch all error: no such column: p.name
2025-10-30 16:17:26,493 - DatabaseManager - ERROR - Fetch all error: no such column: p.name
2025-10-30 16:17:26,511 - DatabaseManager - ERROR - Fetch all error: no such column: p.name
2025-10-30 16:17:26,528 - DatabaseManager - ERROR - Fetch all error: no such column: p.name
2025-10-30 16:17:26,546 - DatabaseManager - ERROR - Fetch all error: no such column: p.name
2025-10-30 16:17:26,563 - DatabaseManager - ERROR - Fetch all error: no such column: p.name
2025-10-30 16:17:26,580 - DatabaseManager - ERROR - Fetch all error: no such column: p.name
2025-10-30 16:17:26,595 - DatabaseManager - ERROR - Fetch all error: no such column: p.name
2025-10-30 16:17:26,611 - DatabaseManager - ERROR - Fetch all error: no such column: p.name
2025-10-30 16:17:26,629 - DatabaseManager - ERROR - Fetch all error: no such column: p.name
2025-10-30 16:17:26,644 - DatabaseManager - ERROR - Fetch all error: no such column: p.name
2025-10-30 16:17:26,661 - DatabaseManager - ERROR - Fetch all error: no such column: p.name
2025-10-30 16:17:26,677 - DatabaseManager - ERROR - Fetch all error: no such column: p.name
2025-10-30 16:17:26,694 - DatabaseManager - ERROR - Fetch all error: no such column: p.name
2025-10-30 16:17:26,710 - DatabaseManager - ERROR - Fetch all error: no such column: p.name
2025-10-30 16:17:26,728 - DatabaseManager - ERROR - Fetch all error: no such column: p.name
2025-10-30 16:17:26,745 - DatabaseManager - ERROR - Fetch all error: no such column: p.name
2025-10-30 16:17:26,761 - DatabaseManager - ERROR - Fetch all error: no such column: p.name
2025-10-30 16:17:26,777 - DatabaseManager - ERROR - Fetch all error: no such column: p.name
2025-10-30 16:17:26,795 - DatabaseManager - ERROR - Fetch all error: no such column: p.name
2025-10-30 16:17:26,810 - DatabaseManager - ERROR - Fetch all error: no such column: p.name
2025-10-30 16:17:26,828 - DatabaseManager - ERROR - Fetch all error: no such column: p.name
2025-10-30 16:17:26,844 - DatabaseManager - ERROR - Fetch all error: no such column: p.name
2025-10-30 16:17:26,862 - DatabaseManager - ERROR - Fetch all error: no such column: p.name
2025-10-30 16:17:26,877 - DatabaseManager - ERROR - Fetch all error: no such column: p.name
2025-10-30 16:17:26,893 - DatabaseManager - ERROR - Fetch all error: no such column: p.name
2025-10-30 16:17:26,911 - DatabaseManager - ERROR - Fetch all error: no such column: p.name
2025-10-30 16:17:26,926 - DatabaseManager - ERROR - Fetch all error: no such column: p.name
2025-10-30 16:17:26,943 - DatabaseManager - ERROR - Fetch all error: no such column: p.name
2025-10-30 16:17:26,960 - DatabaseManager - ERROR - Fetch all error: no such column: p.name
2025-10-30 16:17:26,975 - DatabaseManager - ERROR - Fetch all error: no such column: p.name
2025-10-30 16:17:26,993 - DatabaseManager - ERROR - Fetch all error: no such column: p.name
2025-10-30 16:17:27,009 - DatabaseManager - ERROR - Fetch all error: no such column: p.name
2025-10-30 16:17:27,028 - DatabaseManager - ERROR - Fetch all error: no such column: p.name
2025-10-30 16:17:27,044 - DatabaseManager - ERROR - Fetch all error: no such column: p.name
2025-10-30 16:17:27,060 - DatabaseManager - ERROR - Fetch all error: no such column: p.name
2025-10-30 16:17:27,076 - DatabaseManager - ERROR - Fetch all error: no such column: p.name
2025-10-30 16:17:27,091 - DatabaseManager - ERROR - Fetch all error: no such column: p.name
2025-10-30 16:17:27,109 - DatabaseManager - ERROR - Fetch all error: no such column: p.name
2025-10-30 16:17:27,126 - DatabaseManager - ERROR - Fetch all error: no such column: p.name
2025-10-30 16:17:27,141 - DatabaseManager - ERROR - Fetch all error: no such column: p.name
2025-10-30 16:17:27,160 - DatabaseManager - ERROR - Fetch all error: no such column: p.name
2025-10-30 16:17:27,177 - DatabaseManager - ERROR - Fetch all error: no such column: p.name
2025-10-30 16:17:27,193 - DatabaseManager - ERROR - Fetch all error: no such column: p.name
2025-10-30 16:17:27,211 - DatabaseManager - ERROR - Fetch all error: no such column: p.name
2025-10-30 16:17:27,228 - DatabaseManager - ERROR - Fetch all error: no such column: p.name
2025-10-30 16:17:27,244 - DatabaseManager - ERROR - Fetch all error: no such column: p.name
2025-10-30 16:17:27,261 - DatabaseManager - ERROR - Fetch all error: no such column: p.name
2025-10-30 16:17:27,276 - DatabaseManager - ERROR - Fetch all error: no such column: p.name
2025-10-30 16:17:27,295 - DatabaseManager - ERROR - Fetch all error: no such column: p.name
2025-10-30 16:17:27,311 - DatabaseManager - ERROR - Fetch all error: no such column: p.name
2025-10-30 16:17:27,327 - DatabaseManager - ERROR - Fetch all error: no such column: p.name
2025-10-30 16:17:27,345 - DatabaseManager - ERROR - Fetch all error: no such column: p.name
2025-10-30 16:17:27,360 - DatabaseManager - ERROR - Fetch all error: no such column: p.name
2025-10-30 16:17:27,377 - DatabaseManager - ERROR - Fetch all error: no such column: p.name
2025-10-30 16:17:27,394 - DatabaseManager - ERROR - Fetch all error: no such column: p.name
2025-10-30 16:17:27,408 - DatabaseManager - ERROR - Fetch all error: no such column: p.name
2025-10-30 16:17:27,425 - DatabaseManager - ERROR - Fetch all error: no such column: p.name
2025-10-30 16:17:27,446 - DatabaseManager - ERROR - Fetch all error: no such column: p.name
2025-10-30 16:17:27,459 - DatabaseManager - ERROR - Fetch all error: no such column: p.name
2025-10-30 16:17:27,478 - DatabaseManager - ERROR - Fetch all error: no such column: p.name
2025-10-30 16:17:27,495 - DatabaseManager - ERROR - Fetch all error: no such column: p.name
2025-10-30 16:17:27,511 - DatabaseManager - ERROR - Fetch all error: no such column: p.name
2025-10-30 16:17:27,527 - DatabaseManager - ERROR - Fetch all error: no such column: p.name
2025-10-30 16:17:27,543 - DatabaseManager - ERROR - Fetch all error: no such column: p.name
2025-10-30 16:18:00,083 - DatabaseManager - INFO - Connected to database: c:\Users\ADMIN\OneDrive\Desktop\CLOSE-COMBAT\close_combat.db
2025-10-30 16:18:00,083 - DatabaseManager - INFO - Database schema created successfully
2025-10-30 16:18:00,083 - GameSession - INFO - Database initialized successfully
2025-10-30 16:18:00,084 - SettingsManager - INFO - Initialized default settings
2025-10-30 16:18:00,084 - GameSession - INFO - Loaded existing player: Player1
2025-10-30 16:18:07,639 - DatabaseManager - INFO - Connected to database: c:\Users\ADMIN\OneDrive\Desktop\CLOSE-COMBAT\close_combat.db
2025-10-30 16:18:07,639 - DatabaseManager - INFO - Database schema created successfully
2025-10-30 16:18:07,640 - GameSession - INFO - Database initialized successfully
2025-10-30 16:18:07,640 - SettingsManager - INFO - Initialized default settings
2025-10-30 16:18:07,640 - GameSession - INFO - Loaded existing player: Player1
2025-10-30 16:19:06,337 - MatchTracker - INFO - Recorded match 3 for player 2: LOSS
2025-10-30 16:19:06,346 - PlayerManager - INFO - Updated stats for player 2, character WIZARD: LOSS
2025-10-30 16:19:06,346 - GameSession - INFO - Match recorded: LOSS with WIZARD vs HUNTRESS
2025-10-30 16:19:17,984 - DatabaseManager - ERROR - Fetch all error: no such column: p.name
2025-10-30 16:19:17,999 - DatabaseManager - ERROR - Fetch all error: no such column: p.name
2025-10-30 16:19:18,015 - DatabaseManager - ERROR - Fetch all error: no such column: p.name
2025-10-30 16:19:18,032 - DatabaseManager - ERROR - Fetch all error: no such column: p.name
2025-10-30 16:19:18,049 - DatabaseManager - ERROR - Fetch all error: no such column: p.name
2025-10-30 16:19:18,066 - DatabaseManager - ERROR - Fetch all error: no such column: p.name
2025-10-30 16:19:18,083 - DatabaseManager - ERROR - Fetch all error: no such column: p.name
2025-10-30 16:19:18,099 - DatabaseManager - ERROR - Fetch all error: no such column: p.name
2025-10-30 16:19:18,117 - DatabaseManager - ERROR - Fetch all error: no such column: p.name
2025-10-30 16:19:18,135 - DatabaseManager - ERROR - Fetch all error: no such column: p.name
2025-10-30 16:19:18,151 - DatabaseManager - ERROR - Fetch all error: no such column: p.name
2025-10-30 16:19:18,168 - DatabaseManager - ERROR - Fetch all error: no such column: p.name
2025-10-30 16:19:18,186 - DatabaseManager - ERROR - Fetch all error: no such column: p.name
2025-10-30 16:19:18,202 - DatabaseManager - ERROR - Fetch all error: no such column: p.name
2025-10-30 16:19:18,218 - DatabaseManager - ERROR - Fetch all error: no such column: p.name
2025-10-30 16:19:18,235 - DatabaseManager - ERROR - Fetch all error: no such column: p.name
2025-10-30 16:19:18,250 - DatabaseManager - ERROR - Fetch all error: no such column: p.name
2025-10-30 16:19:18,266 - DatabaseManager - ERROR - Fetch all error: no such column: p.name
2025-10-30 16:19:18,282 - DatabaseManager - ERROR - Fetch all error: no such column: p.name
2025-10-30 16:19:18,300 - DatabaseManager - ERROR - Fetch all error: no such column: p.name
2025-10-30 16:19:18,316 - DatabaseManager - ERROR - Fetch all error: no such column: p.name
2025-10-30 16:19:18,333 - DatabaseManager - ERROR - Fetch all error: no such column: p.name
2025-10-30 16:19:18,349 - DatabaseManager - ERROR - Fetch all error: no such column: p.name
2025-10-30 16:19:18,367 - DatabaseManager - ERROR - Fetch all error: no such column: p.name
2025-10-30 16:19:18,383 - DatabaseManager - ERROR - Fetch all error: no such column: p.name
2025-10-30 16:19:18,399 - DatabaseManager - ERROR - Fetch all error: no such column: p.name
2025-10-30 16:19:18,416 - DatabaseManager - ERROR - Fetch all error: no such column: p.name
2025-10-30 16:19:18,433 - DatabaseManager - ERROR - Fetch all error: no such column: p.name
2025-10-30 16:19:18,450 - DatabaseManager - ERROR - Fetch all error: no such column: p.name
2025-10-30 16:19:18,466 - DatabaseManager - ERROR - Fetch all error: no such column: p.name
2025-10-30 16:19:18,483 - DatabaseManager - ERROR - Fetch all error: no such column: p.name
2025-10-30 16:19:18,499 - DatabaseManager - ERROR - Fetch all error: no such column: p.name
2025-10-30 16:19:18,516 - DatabaseManager - ERROR - Fetch all error: no such column: p.name
2025-10-30 16:19:18,532 - DatabaseManager - ERROR - Fetch all error: no such column: p.name
2025-10-30 16:19:18,549 - DatabaseManager - ERROR - Fetch all error: no such column: p.name
2025-10-30 16:19:18,565 - DatabaseManager - ERROR - Fetch all error: no such column: p.name
2025-10-30 16:19:18,583 - DatabaseManager - ERROR - Fetch all error: no such column: p.name
2025-10-30 16:19:18,599 - DatabaseManager - ERROR - Fetch all error: no such column: p.name
2025-10-30 16:19:18,616 - DatabaseManager - ERROR - Fetch all error: no such column: p.name
2025-10-30 16:19:18,632 - DatabaseManager - ERROR - Fetch all error: no such column: p.name
2025-10-30 16:32:16,774 - DatabaseManager - INFO - Connected to database: C:\Users\ADMIN\AppData\Local\Temp\_MEI248322\close_combat.db
2025-10-30 16:32:16,845 - DatabaseManager - INFO - Database schema created successfully
2025-10-30 16:32:16,845 - GameSession - INFO - Database initialized successfully
2025-10-30 16:32:16,846 - SettingsManager - INFO - Initialized default settings
2025-10-30 16:32:29,091 - DatabaseManager - ERROR - Fetch all error: no such column: p.name
2025-10-30 16:32:29,105 - DatabaseManager - ERROR - Fetch all error: no such column: p.name
2025-10-30 16:32:29,121 - DatabaseManager - ERROR - Fetch all error: no such column: p.name
2025-10-30 16:32:29,136 - DatabaseManager - ERROR - Fetch all error: no such column: p.name
2025-10-30 16:32:29,152 - DatabaseManager - ERROR - Fetch all error: no such column: p.name
2025-10-30 16:32:29,169 - DatabaseManager - ERROR - Fetch all error: no such column: p.name
2025-10-30 16:32:29,186 - DatabaseManager - ERROR - Fetch all error: no such column: p.name
2025-10-30 16:32:29,202 - DatabaseManager - ERROR - Fetch all error: no such column: p.name
2025-10-30 16:32:29,219 - DatabaseManager - ERROR - Fetch all error: no such column: p.name
2025-10-30 16:32:29,234 - DatabaseManager - ERROR - Fetch all error: no such column: p.name
2025-10-30 16:32:29,251 - DatabaseManager - ERROR - Fetch all error: no such column: p.name
2025-10-30 16:32:29,267 - DatabaseManager - ERROR - Fetch all error: no such column: p.name
2025-10-30 16:32:29,283 - DatabaseManager - ERROR - Fetch all error: no such column: p.name
2025-10-30 16:32:29,301 - DatabaseManager - ERROR - Fetch all error: no such column: p.name
2025-10-30 16:32:29,317 - DatabaseManager - ERROR - Fetch all error: no such column: p.name
2025-10-30 16:32:29,334 - DatabaseManager - ERROR - Fetch all error: no such column: p.name
2025-10-30 16:32:29,349 - DatabaseManager - ERROR - Fetch all error: no such column: p.name
2025-10-30 16:32:29,366 - DatabaseManager - ERROR - Fetch all error: no such column: p.name
2025-10-30 16:32:29,383 - DatabaseManager - ERROR - Fetch all error: no such column: p.name
2025-10-30 16:32:29,399 - DatabaseManager - ERROR - Fetch all error: no such column: p.name
2025-10-30 16:32:29,414 - DatabaseManager - ERROR - Fetch all error: no such column: p.name
2025-10-30 16:32:29,432 - DatabaseManager - ERROR - Fetch all error: no such column: p.name
2025-10-30 16:32:29,449 - DatabaseManager - ERROR - Fetch all error: no such column: p.name
2025-10-30 16:32:29,464 - DatabaseManager - ERROR - Fetch all error: no such column: p.name
2025-10-30 16:32:29,482 - DatabaseManager - ERROR - Fetch all error: no such column: p.name
2025-10-30 16:32:29,498 - DatabaseManager - ERROR - Fetch all error: no such column: p.name
2025-10-30 16:32:29,515 - DatabaseManager - ERROR - Fetch all error: no such column: p.name
2025-10-30 16:32:29,530 - DatabaseManager - ERROR - Fetch all error: no such column: p.name
2025-10-30 16:32:29,549 - DatabaseManager - ERROR - Fetch all error: no such column: p.name
2025-10-30 16:32:29,564 - DatabaseManager - ERROR - Fetch all error: no such column: p.name
2025-10-30 16:32:29,581 - DatabaseManager - ERROR - Fetch all error: no such column: p.name
2025-10-30 16:32:29,595 - DatabaseManager - ERROR - Fetch all error: no such column: p.name
2025-10-30 16:32:29,613 - DatabaseManager - ERROR - Fetch all error: no such column: p.name
2025-10-30 16:32:29,629 - DatabaseManager - ERROR - Fetch all error: no such column: p.name
2025-10-30 16:32:29,645 - DatabaseManager - ERROR - Fetch all error: no such column: p.name
2025-10-30 16:32:29,664 - DatabaseManager - ERROR - Fetch all error: no such column: p.name
2025-10-30 16:32:29,678 - DatabaseManager - ERROR - Fetch all error: no such column: p.name
2025-10-30 16:32:29,694 - DatabaseManager - ERROR - Fetch all error: no such column: p.name
2025-10-30 16:32:29,711 - DatabaseManager - ERROR - Fetch all error: no such column: p.name
2025-10-30 16:32:29,729 - DatabaseManager - ERROR - Fetch all error: no such column: p.name
2025-10-30 16:32:29,745 - DatabaseManager - ERROR - Fetch all error: no such column: p.name
2025-10-30 16:32:29,761 - DatabaseManager - ERROR - Fetch all error: no such column: p.name
2025-10-30 16:32:29,778 - DatabaseManager - ERROR - Fetch all error: no such column: p.name
2025-10-30 16:32:29,794 - DatabaseManager - ERROR - Fetch all error: no such column: p.name
2025-10-30 16:32:29,807 - DatabaseManager - ERROR - Fetch all error: no such column: p.name
2025-10-30 16:32:29,824 - DatabaseManager - ERROR - Fetch all error: no such column: p.name
2025-10-30 16:32:29,842 - DatabaseManager - ERROR - Fetch all error: no such column: p.name
2025-10-30 16:32:29,858 - DatabaseManager - ERROR - Fetch all error: no such column: p.name
2025-10-30 16:32:29,877 - DatabaseManager - ERROR - Fetch all error: no such column: p.name
2025-10-30 16:32:29,890 - DatabaseManager - ERROR - Fetch all error: no such column: p.name
2025-10-30 16:32:29,909 - DatabaseManager - ERROR - Fetch all error: no such column: p.name
2025-10-30 16:32:29,924 - DatabaseManager - ERROR - Fetch all error: no such column: p.name
2025-10-30 16:32:29,941 - DatabaseManager - ERROR - Fetch all error: no such column: p.name
2025-10-30 16:32:29,957 - DatabaseManager - ERROR - Fetch all error: no such column: p.name
2025-10-30 16:32:29,973 - DatabaseManager - ERROR - Fetch all error: no such column: p.name
2025-10-30 16:32:29,991 - DatabaseManager - ERROR - Fetch all error: no such column: p.name
2025-10-30 16:32:30,010 - DatabaseManager - ERROR - Fetch all error: no such column: p.name
2025-10-30 16:32:30,024 - DatabaseManager - ERROR - Fetch all error: no such column: p.name
2025-10-30 16:32:30,041 - DatabaseManager - ERROR - Fetch all error: no such column: p.name
2025-10-30 16:32:30,059 - DatabaseManager - ERROR - Fetch all error: no such column: p.name
2025-10-30 16:32:30,075 - DatabaseManager - ERROR - Fetch all error: no such column: p.name
2025-10-30 16:32:30,090 - DatabaseManager - ERROR - Fetch all error: no such column: p.name
2025-10-30 16:32:30,108 - DatabaseManager - ERROR - Fetch all error: no such column: p.name
2025-10-30 16:32:30,124 - DatabaseManager - ERROR - Fetch all error: no such column: p.name
2025-10-30 16:32:30,141 - DatabaseManager - ERROR - Fetch all error: no such column: p.name
2025-10-30 16:32:30,159 - DatabaseManager - ERROR - Fetch all error: no such column: p.name
2025-10-30 16:32:30,174 - DatabaseManager - ERROR - Fetch all error: no such column: p.name
2025-10-30 16:32:30,191 - DatabaseManager - ERROR - Fetch all error: no such column: p.name
2025-10-30 16:32:30,207 - DatabaseManager - ERROR - Fetch all error: no such column: p.name
2025-10-30 16:32:30,224 - DatabaseManager - ERROR - Fetch all error: no such column: p.name
2025-10-30 16:32:30,241 - DatabaseManager - ERROR - Fetch all error: no such column: p.name
2025-10-30 16:32:30,256 - DatabaseManager - ERROR - Fetch all error: no such column: p.name
2025-10-30 16:32:30,274 - DatabaseManager - ERROR - Fetch all error: no such column: p.name
2025-10-30 16:32:30,291 - DatabaseManager - ERROR - Fetch all error: no such column: p.name
2025-10-30 16:32:30,305 - DatabaseManager - ERROR - Fetch all error: no such column: p.name
2025-10-30 16:32:30,324 - DatabaseManager - ERROR - Fetch all error: no such column: p.name
2025-10-30 16:32:30,339 - DatabaseManager - ERROR - Fetch all error: no such column: p.name
2025-10-30 16:32:30,357 - DatabaseManager - ERROR - Fetch all error: no such column: p.name
2025-10-30 16:32:30,372 - DatabaseManager - ERROR - Fetch all error: no such column: p.name
2025-10-30 16:32:30,390 - DatabaseManager - ERROR - Fetch all error: no such column: p.name
2025-10-30 16:32:30,409 - DatabaseManager - ERROR - Fetch all error: no such column: p.name
