2025-10-30 16:32:57,624 - DatabaseManager - INFO - Connected to database: C:\Users\ADMIN\AppData\Local\Temp\_MEI100922\close_combat.db
2025-10-30 16:32:57,699 - DatabaseManager - INFO - Database schema created successfully
2025-10-30 16:32:57,699 - GameSession - INFO - Database initialized successfully
2025-10-30 16:32:57,699 - SettingsManager - INFO - Initialized default settings
2025-10-30 16:33:23,195 - DatabaseManager - INFO - Connected to database: C:\Users\ADMIN\AppData\Local\Temp\_MEI207522\close_combat.db
2025-10-30 16:33:23,274 - DatabaseManager - INFO - Database schema created successfully
2025-10-30 16:33:23,275 - GameSession - INFO - Database initialized successfully
2025-10-30 16:33:23,275 - SettingsManager - INFO - Initialized default settings
2025-10-30 16:36:16,241 - DatabaseManager - INFO - Connected to database: C:\Users\ADMIN\AppData\Local\Temp\_MEI258122\close_combat.db
2025-10-30 16:36:16,308 - DatabaseManager - INFO - Database schema created successfully
2025-10-30 16:36:16,308 - GameSession - INFO - Database initialized successfully
2025-10-30 16:36:16,309 - SettingsManager - INFO - Initialized default settings
2025-10-30 16:38:57,394 - DatabaseManager - INFO - Connected to database: C:\Users\ADMIN\AppData\Local\Temp\_MEI227882\close_combat.db
2025-10-30 16:38:57,470 - DatabaseManager - INFO - Database schema created successfully
2025-10-30 16:38:57,471 - GameSession - INFO - Database initialized successfully
2025-10-30 16:38:57,472 - SettingsManager - INFO - Initialized default settings
2025-10-30 16:50:56,355 - DatabaseManager - INFO - Connected to database: C:\Users\ADMIN\AppData\Local\Temp\_MEI270322\close_combat.db
2025-10-30 16:50:56,433 - DatabaseManager - INFO - Database schema created successfully
2025-10-30 16:50:56,434 - GameSession - INFO - Database initialized successfully
2025-10-30 16:50:56,435 - SettingsManager - INFO - Initialized default settings
2025-10-30 16:55:07,842 - DatabaseManager - INFO - Connected to database: C:\Users\ADMIN\AppData\Local\Temp\_MEI81242\close_combat.db
2025-10-30 16:55:07,922 - DatabaseManager - INFO - Database schema created successfully
2025-10-30 16:55:07,922 - GameSession - INFO - Database initialized successfully
2025-10-30 16:55:07,922 - SettingsManager - INFO - Initialized default settings
2025-10-30 16:56:24,948 - DatabaseManager - INFO - Connected to database: C:\Users\ADMIN\AppData\Local\Temp\_MEI178402\close_combat.db
2025-10-30 16:56:25,020 - DatabaseManager - INFO - Database schema created successfully
2025-10-30 16:56:25,020 - GameSession - INFO - Database initialized successfully
2025-10-30 16:56:25,022 - SettingsManager - INFO - Initialized default settings
2025-10-30 17:07:09,417 - DatabaseManager - INFO - Connected to database: C:\Users\ADMIN\AppData\Local\Temp\_MEI226642\close_combat.db
2025-10-30 17:07:09,530 - DatabaseManager - INFO - Database schema created successfully
2025-10-30 17:07:09,531 - GameSession - INFO - Database initialized successfully
2025-10-30 17:07:09,531 - SettingsManager - INFO - Initialized default settings
2025-10-30 17:07:40,603 - DatabaseManager - INFO - Connected to database: C:\Users\ADMIN\AppData\Local\Temp\_MEI273522\close_combat.db
2025-10-30 17:07:40,702 - DatabaseManager - INFO - Database schema created successfully
2025-10-30 17:07:40,702 - GameSession - INFO - Database initialized successfully
2025-10-30 17:07:40,703 - SettingsManager - INFO - Initialized default settings
2025-10-30 17:07:58,860 - DatabaseManager - ERROR - Fetch all error: no such column: p.name
2025-10-30 17:07:58,875 - DatabaseManager - ERROR - Fetch all error: no such column: p.name
2025-10-30 17:07:58,891 - DatabaseManager - ERROR - Fetch all error: no such column: p.name
2025-10-30 17:07:58,908 - DatabaseManager - ERROR - Fetch all error: no such column: p.name
2025-10-30 17:07:58,925 - DatabaseManager - ERROR - Fetch all error: no such column: p.name
2025-10-30 17:07:58,941 - DatabaseManager - ERROR - Fetch all error: no such column: p.name
2025-10-30 17:07:58,957 - DatabaseManager - ERROR - Fetch all error: no such column: p.name
2025-10-30 17:07:58,972 - DatabaseManager - ERROR - Fetch all error: no such column: p.name
2025-10-30 17:07:58,990 - DatabaseManager - ERROR - Fetch all error: no such column: p.name
2025-10-30 17:07:59,005 - DatabaseManager - ERROR - Fetch all error: no such column: p.name
2025-10-30 17:07:59,023 - DatabaseManager - ERROR - Fetch all error: no such column: p.name
2025-10-30 17:07:59,039 - DatabaseManager - ERROR - Fetch all error: no such column: p.name
2025-10-30 17:07:59,057 - DatabaseManager - ERROR - Fetch all error: no such column: p.name
2025-10-30 17:07:59,075 - DatabaseManager - ERROR - Fetch all error: no such column: p.name
2025-10-30 17:07:59,091 - DatabaseManager - ERROR - Fetch all error: no such column: p.name
2025-10-30 17:07:59,107 - DatabaseManager - ERROR - Fetch all error: no such column: p.name
2025-10-30 17:07:59,125 - DatabaseManager - ERROR - Fetch all error: no such column: p.name
2025-10-30 17:07:59,140 - DatabaseManager - ERROR - Fetch all error: no such column: p.name
2025-10-30 17:07:59,158 - DatabaseManager - ERROR - Fetch all error: no such column: p.name
2025-10-30 17:07:59,175 - DatabaseManager - ERROR - Fetch all error: no such column: p.name
2025-10-30 17:07:59,191 - DatabaseManager - ERROR - Fetch all error: no such column: p.name
2025-10-30 17:07:59,206 - DatabaseManager - ERROR - Fetch all error: no such column: p.name
2025-10-30 17:07:59,224 - DatabaseManager - ERROR - Fetch all error: no such column: p.name
2025-10-30 17:07:59,239 - DatabaseManager - ERROR - Fetch all error: no such column: p.name
2025-10-30 17:07:59,256 - DatabaseManager - ERROR - Fetch all error: no such column: p.name
2025-10-30 17:07:59,273 - DatabaseManager - ERROR - Fetch all error: no such column: p.name
2025-10-30 17:07:59,291 - DatabaseManager - ERROR - Fetch all error: no such column: p.name
2025-10-30 17:07:59,307 - DatabaseManager - ERROR - Fetch all error: no such column: p.name
2025-10-30 17:07:59,322 - DatabaseManager - ERROR - Fetch all error: no such column: p.name
2025-10-30 17:07:59,340 - DatabaseManager - ERROR - Fetch all error: no such column: p.name
2025-10-30 17:07:59,355 - DatabaseManager - ERROR - Fetch all error: no such column: p.name
2025-10-30 17:07:59,372 - DatabaseManager - ERROR - Fetch all error: no such column: p.name
2025-10-30 17:07:59,389 - DatabaseManager - ERROR - Fetch all error: no such column: p.name
2025-10-30 17:07:59,405 - DatabaseManager - ERROR - Fetch all error: no such column: p.name
2025-10-30 17:07:59,422 - DatabaseManager - ERROR - Fetch all error: no such column: p.name
2025-10-30 17:07:59,439 - DatabaseManager - ERROR - Fetch all error: no such column: p.name
2025-10-30 17:07:59,455 - DatabaseManager - ERROR - Fetch all error: no such column: p.name
2025-10-30 17:07:59,471 - DatabaseManager - ERROR - Fetch all error: no such column: p.name
2025-10-30 17:07:59,486 - DatabaseManager - ERROR - Fetch all error: no such column: p.name
2025-10-30 17:07:59,503 - DatabaseManager - ERROR - Fetch all error: no such column: p.name
2025-10-30 17:07:59,520 - DatabaseManager - ERROR - Fetch all error: no such column: p.name
2025-10-30 19:36:56,746 - DatabaseManager - INFO - Connected to database: C:\Users\ADMIN\AppData\Local\Temp\_MEI228882\close_combat.db
2025-10-30 19:36:56,751 - DatabaseManager - INFO - Connected to database: C:\Users\ADMIN\AppData\Local\Temp\_MEI206642\close_combat.db
2025-10-30 19:36:56,831 - DatabaseManager - INFO - Connected to database: C:\Users\ADMIN\AppData\Local\Temp\_MEI120202\close_combat.db
2025-10-30 19:36:56,871 - DatabaseManager - INFO - Database schema created successfully
2025-10-30 19:36:56,871 - GameSession - INFO - Database initialized successfully
2025-10-30 19:36:56,871 - SettingsManager - INFO - Initialized default settings
2025-10-30 19:36:56,882 - DatabaseManager - INFO - Database schema created successfully
2025-10-30 19:36:56,882 - GameSession - INFO - Database initialized successfully
2025-10-30 19:36:56,883 - SettingsManager - INFO - Initialized default settings
2025-10-30 19:36:56,955 - DatabaseManager - INFO - Database schema created successfully
2025-10-30 19:36:56,955 - GameSession - INFO - Database initialized successfully
2025-10-30 19:36:56,955 - SettingsManager - INFO - Initialized default settings
2025-10-30 19:36:58,616 - DatabaseManager - INFO - Connected to database: C:\Users\ADMIN\AppData\Local\Temp\_MEI204682\close_combat.db
2025-10-30 19:36:58,617 - DatabaseManager - INFO - Connected to database: C:\Users\ADMIN\AppData\Local\Temp\_MEI128722\close_combat.db
2025-10-30 19:36:58,775 - DatabaseManager - INFO - Database schema created successfully
2025-10-30 19:36:58,775 - GameSession - INFO - Database initialized successfully
2025-10-30 19:36:58,776 - SettingsManager - INFO - Initialized default settings
2025-10-30 19:36:58,782 - DatabaseManager - INFO - Database schema created successfully
2025-10-30 19:36:58,782 - GameSession - INFO - Database initialized successfully
2025-10-30 19:36:58,782 - SettingsManager - INFO - Initialized default settings
2025-10-30 19:37:28,287 - DatabaseManager - ERROR - Fetch all error: no such column: p.name
2025-10-30 19:37:28,302 - DatabaseManager - ERROR - Fetch all error: no such column: p.name
2025-10-30 19:37:28,319 - DatabaseManager - ERROR - Fetch all error: no such column: p.name
2025-10-30 19:37:28,336 - DatabaseManager - ERROR - Fetch all error: no such column: p.name
2025-10-30 19:37:28,352 - DatabaseManager - ERROR - Fetch all error: no such column: p.name
2025-10-30 19:37:28,369 - DatabaseManager - ERROR - Fetch all error: no such column: p.name
2025-10-30 19:37:28,386 - DatabaseManager - ERROR - Fetch all error: no such column: p.name
2025-10-30 19:37:28,401 - DatabaseManager - ERROR - Fetch all error: no such column: p.name
2025-10-30 19:37:28,418 - DatabaseManager - ERROR - Fetch all error: no such column: p.name
2025-10-30 19:37:28,437 - DatabaseManager - ERROR - Fetch all error: no such column: p.name
2025-10-30 19:37:28,452 - DatabaseManager - ERROR - Fetch all error: no such column: p.name
2025-10-30 19:37:28,469 - DatabaseManager - ERROR - Fetch all error: no such column: p.name
2025-10-30 19:37:28,487 - DatabaseManager - ERROR - Fetch all error: no such column: p.name
2025-10-30 19:37:28,503 - DatabaseManager - ERROR - Fetch all error: no such column: p.name
2025-10-30 19:37:28,519 - DatabaseManager - ERROR - Fetch all error: no such column: p.name
2025-10-30 19:37:28,536 - DatabaseManager - ERROR - Fetch all error: no such column: p.name
2025-10-30 19:37:28,551 - DatabaseManager - ERROR - Fetch all error: no such column: p.name
2025-10-30 19:37:28,569 - DatabaseManager - ERROR - Fetch all error: no such column: p.name
2025-10-30 19:37:28,585 - DatabaseManager - ERROR - Fetch all error: no such column: p.name
2025-10-30 19:37:28,604 - DatabaseManager - ERROR - Fetch all error: no such column: p.name
2025-10-30 19:37:28,618 - DatabaseManager - ERROR - Fetch all error: no such column: p.name
2025-10-30 19:37:28,635 - DatabaseManager - ERROR - Fetch all error: no such column: p.name
2025-10-30 19:37:28,651 - DatabaseManager - ERROR - Fetch all error: no such column: p.name
2025-10-30 19:37:28,668 - DatabaseManager - ERROR - Fetch all error: no such column: p.name
2025-10-30 19:37:28,685 - DatabaseManager - ERROR - Fetch all error: no such column: p.name
2025-10-30 19:37:28,700 - DatabaseManager - ERROR - Fetch all error: no such column: p.name
2025-10-30 19:37:28,716 - DatabaseManager - ERROR - Fetch all error: no such column: p.name
2025-10-30 19:37:28,734 - DatabaseManager - ERROR - Fetch all error: no such column: p.name
2025-10-30 19:37:28,749 - DatabaseManager - ERROR - Fetch all error: no such column: p.name
2025-10-30 19:37:28,767 - DatabaseManager - ERROR - Fetch all error: no such column: p.name
2025-10-30 19:37:28,783 - DatabaseManager - ERROR - Fetch all error: no such column: p.name
2025-10-30 19:37:28,799 - DatabaseManager - ERROR - Fetch all error: no such column: p.name
2025-10-30 19:37:28,816 - DatabaseManager - ERROR - Fetch all error: no such column: p.name
2025-10-30 19:37:28,832 - DatabaseManager - ERROR - Fetch all error: no such column: p.name
2025-10-30 19:37:28,849 - DatabaseManager - ERROR - Fetch all error: no such column: p.name
2025-10-30 19:37:28,865 - DatabaseManager - ERROR - Fetch all error: no such column: p.name
2025-10-30 19:37:28,882 - DatabaseManager - ERROR - Fetch all error: no such column: p.name
2025-10-30 19:37:28,900 - DatabaseManager - ERROR - Fetch all error: no such column: p.name
2025-10-30 19:37:28,917 - DatabaseManager - ERROR - Fetch all error: no such column: p.name
2025-10-30 19:37:28,933 - DatabaseManager - ERROR - Fetch all error: no such column: p.name
2025-10-30 19:37:28,949 - DatabaseManager - ERROR - Fetch all error: no such column: p.name
2025-10-30 19:37:28,965 - DatabaseManager - ERROR - Fetch all error: no such column: p.name
2025-10-30 19:37:28,981 - DatabaseManager - ERROR - Fetch all error: no such column: p.name
2025-10-30 19:37:28,999 - DatabaseManager - ERROR - Fetch all error: no such column: p.name
2025-10-30 19:37:29,015 - DatabaseManager - ERROR - Fetch all error: no such column: p.name
2025-10-30 19:37:29,033 - DatabaseManager - ERROR - Fetch all error: no such column: p.name
2025-10-30 19:37:29,048 - DatabaseManager - ERROR - Fetch all error: no such column: p.name
2025-10-30 19:37:29,064 - DatabaseManager - ERROR - Fetch all error: no such column: p.name
2025-10-30 19:37:29,081 - DatabaseManager - ERROR - Fetch all error: no such column: p.name
2025-10-30 19:37:29,098 - DatabaseManager - ERROR - Fetch all error: no such column: p.name
2025-10-30 19:37:29,115 - DatabaseManager - ERROR - Fetch all error: no such column: p.name
2025-10-30 19:37:29,132 - DatabaseManager - ERROR - Fetch all error: no such column: p.name
2025-10-30 19:37:29,148 - DatabaseManager - ERROR - Fetch all error: no such column: p.name
2025-10-30 19:37:29,163 - DatabaseManager - ERROR - Fetch all error: no such column: p.name
2025-10-30 19:37:29,181 - DatabaseManager - ERROR - Fetch all error: no such column: p.name
2025-10-30 19:37:29,199 - DatabaseManager - ERROR - Fetch all error: no such column: p.name
2025-10-30 19:37:29,213 - DatabaseManager - ERROR - Fetch all error: no such column: p.name
2025-10-30 19:37:29,228 - DatabaseManager - ERROR - Fetch all error: no such column: p.name
2025-10-30 19:37:29,245 - DatabaseManager - ERROR - Fetch all error: no such column: p.name
2025-10-30 19:37:29,261 - DatabaseManager - ERROR - Fetch all error: no such column: p.name
2025-10-30 19:37:29,277 - DatabaseManager - ERROR - Fetch all error: no such column: p.name
2025-10-30 19:37:29,295 - DatabaseManager - ERROR - Fetch all error: no such column: p.name
2025-10-30 19:37:29,313 - DatabaseManager - ERROR - Fetch all error: no such column: p.name
2025-10-30 19:37:29,329 - DatabaseManager - ERROR - Fetch all error: no such column: p.name
2025-10-30 19:37:29,349 - DatabaseManager - ERROR - Fetch all error: no such column: p.name
2025-10-30 19:37:29,362 - DatabaseManager - ERROR - Fetch all error: no such column: p.name
2025-10-30 19:37:29,381 - DatabaseManager - ERROR - Fetch all error: no such column: p.name
2025-10-30 19:37:29,397 - DatabaseManager - ERROR - Fetch all error: no such column: p.name
2025-10-30 19:37:29,413 - DatabaseManager - ERROR - Fetch all error: no such column: p.name
2025-10-30 19:37:29,430 - DatabaseManager - ERROR - Fetch all error: no such column: p.name
2025-10-30 19:37:29,448 - DatabaseManager - ERROR - Fetch all error: no such column: p.name
2025-10-30 19:37:29,463 - DatabaseManager - ERROR - Fetch all error: no such column: p.name
2025-10-30 19:37:29,479 - DatabaseManager - ERROR - Fetch all error: no such column: p.name
2025-10-30 19:37:29,496 - DatabaseManager - ERROR - Fetch all error: no such column: p.name
2025-10-30 19:37:29,512 - DatabaseManager - ERROR - Fetch all error: no such column: p.name
2025-10-30 19:37:29,527 - DatabaseManager - ERROR - Fetch all error: no such column: p.name
2025-10-30 19:37:29,546 - DatabaseManager - ERROR - Fetch all error: no such column: p.name
2025-10-30 19:37:29,560 - DatabaseManager - ERROR - Fetch all error: no such column: p.name
2025-10-30 19:37:29,578 - DatabaseManager - ERROR - Fetch all error: no such column: p.name
2025-10-30 19:37:29,595 - DatabaseManager - ERROR - Fetch all error: no such column: p.name
2025-10-30 19:37:29,611 - DatabaseManager - ERROR - Fetch all error: no such column: p.name
2025-10-30 19:37:29,629 - DatabaseManager - ERROR - Fetch all error: no such column: p.name
2025-10-30 19:37:29,645 - DatabaseManager - ERROR - Fetch all error: no such column: p.name
2025-10-30 19:37:29,663 - DatabaseManager - ERROR - Fetch all error: no such column: p.name
2025-10-30 19:37:29,679 - DatabaseManager - ERROR - Fetch all error: no such column: p.name
2025-10-30 19:37:29,696 - DatabaseManager - ERROR - Fetch all error: no such column: p.name
2025-10-30 19:37:29,712 - DatabaseManager - ERROR - Fetch all error: no such column: p.name
2025-10-30 19:37:29,730 - DatabaseManager - ERROR - Fetch all error: no such column: p.name
2025-10-30 19:37:29,744 - DatabaseManager - ERROR - Fetch all error: no such column: p.name
2025-10-30 19:37:29,763 - DatabaseManager - ERROR - Fetch all error: no such column: p.name
2025-10-30 19:37:29,780 - DatabaseManager - ERROR - Fetch all error: no such column: p.name
2025-10-30 19:37:29,796 - DatabaseManager - ERROR - Fetch all error: no such column: p.name
2025-10-30 19:37:29,812 - DatabaseManager - ERROR - Fetch all error: no such column: p.name
2025-10-30 19:37:29,827 - DatabaseManager - ERROR - Fetch all error: no such column: p.name
2025-10-30 19:37:29,844 - DatabaseManager - ERROR - Fetch all error: no such column: p.name
2025-10-30 19:37:29,862 - DatabaseManager - ERROR - Fetch all error: no such column: p.name
2025-10-30 19:37:29,878 - DatabaseManager - ERROR - Fetch all error: no such column: p.name
2025-10-30 19:37:29,895 - DatabaseManager - ERROR - Fetch all error: no such column: p.name
2025-10-30 19:37:29,911 - DatabaseManager - ERROR - Fetch all error: no such column: p.name
2025-10-30 19:37:29,928 - DatabaseManager - ERROR - Fetch all error: no such column: p.name
2025-10-30 19:37:29,945 - DatabaseManager - ERROR - Fetch all error: no such column: p.name
2025-10-30 19:37:29,962 - DatabaseManager - ERROR - Fetch all error: no such column: p.name
2025-10-30 19:37:29,978 - DatabaseManager - ERROR - Fetch all error: no such column: p.name
2025-10-30 19:37:29,995 - DatabaseManager - ERROR - Fetch all error: no such column: p.name
2025-10-30 19:37:30,012 - DatabaseManager - ERROR - Fetch all error: no such column: p.name
2025-10-30 19:37:30,028 - DatabaseManager - ERROR - Fetch all error: no such column: p.name
2025-10-30 19:37:30,044 - DatabaseManager - ERROR - Fetch all error: no such column: p.name
2025-10-30 19:37:30,061 - DatabaseManager - ERROR - Fetch all error: no such column: p.name
2025-10-30 19:37:30,078 - DatabaseManager - ERROR - Fetch all error: no such column: p.name
2025-10-30 19:37:30,095 - DatabaseManager - ERROR - Fetch all error: no such column: p.name
2025-10-30 19:37:30,113 - DatabaseManager - ERROR - Fetch all error: no such column: p.name
2025-10-30 19:37:30,136 - DatabaseManager - ERROR - Fetch all error: no such column: p.name
2025-10-30 19:37:30,145 - DatabaseManager - ERROR - Fetch all error: no such column: p.name
2025-10-30 19:37:30,161 - DatabaseManager - ERROR - Fetch all error: no such column: p.name
2025-10-30 19:37:30,177 - DatabaseManager - ERROR - Fetch all error: no such column: p.name
2025-10-30 19:37:30,193 - DatabaseManager - ERROR - Fetch all error: no such column: p.name
2025-10-30 19:37:30,209 - DatabaseManager - ERROR - Fetch all error: no such column: p.name
2025-10-30 19:37:30,227 - DatabaseManager - ERROR - Fetch all error: no such column: p.name
2025-10-30 19:37:30,243 - DatabaseManager - ERROR - Fetch all error: no such column: p.name
2025-10-30 19:37:30,259 - DatabaseManager - ERROR - Fetch all error: no such column: p.name
2025-10-30 19:37:30,274 - DatabaseManager - ERROR - Fetch all error: no such column: p.name
2025-10-30 19:37:30,291 - DatabaseManager - ERROR - Fetch all error: no such column: p.name
2025-10-30 19:37:30,308 - DatabaseManager - ERROR - Fetch all error: no such column: p.name
2025-10-30 19:37:30,324 - DatabaseManager - ERROR - Fetch all error: no such column: p.name
2025-10-30 19:37:30,342 - DatabaseManager - ERROR - Fetch all error: no such column: p.name
2025-10-30 19:37:30,358 - DatabaseManager - ERROR - Fetch all error: no such column: p.name
2025-10-30 19:37:30,376 - DatabaseManager - ERROR - Fetch all error: no such column: p.name
2025-10-30 19:37:30,392 - DatabaseManager - ERROR - Fetch all error: no such column: p.name
2025-10-30 19:37:30,408 - DatabaseManager - ERROR - Fetch all error: no such column: p.name
2025-10-30 19:37:30,428 - DatabaseManager - ERROR - Fetch all error: no such column: p.name
2025-10-30 19:37:30,443 - DatabaseManager - ERROR - Fetch all error: no such column: p.name
2025-10-30 19:37:30,461 - DatabaseManager - ERROR - Fetch all error: no such column: p.name
2025-10-30 19:37:30,477 - DatabaseManager - ERROR - Fetch all error: no such column: p.name
2025-10-30 19:37:30,493 - DatabaseManager - ERROR - Fetch all error: no such column: p.name
2025-10-30 19:37:30,509 - DatabaseManager - ERROR - Fetch all error: no such column: p.name
2025-10-30 19:37:30,527 - DatabaseManager - ERROR - Fetch all error: no such column: p.name
2025-10-30 19:37:30,544 - DatabaseManager - ERROR - Fetch all error: no such column: p.name
2025-10-30 19:37:30,561 - DatabaseManager - ERROR - Fetch all error: no such column: p.name
2025-10-30 19:37:30,576 - DatabaseManager - ERROR - Fetch all error: no such column: p.name
2025-10-30 19:37:30,590 - DatabaseManager - ERROR - Fetch all error: no such column: p.name
2025-10-30 19:37:30,609 - DatabaseManager - ERROR - Fetch all error: no such column: p.name
2025-10-30 19:37:30,623 - DatabaseManager - ERROR - Fetch all error: no such column: p.name
2025-10-30 19:37:30,640 - DatabaseManager - ERROR - Fetch all error: no such column: p.name
2025-10-30 19:37:30,656 - DatabaseManager - ERROR - Fetch all error: no such column: p.name
2025-10-30 19:37:30,673 - DatabaseManager - ERROR - Fetch all error: no such column: p.name
2025-10-30 19:37:30,692 - DatabaseManager - ERROR - Fetch all error: no such column: p.name
2025-10-30 19:37:30,708 - DatabaseManager - ERROR - Fetch all error: no such column: p.name
2025-10-30 19:37:30,724 - DatabaseManager - ERROR - Fetch all error: no such column: p.name
2025-10-30 19:37:30,741 - DatabaseManager - ERROR - Fetch all error: no such column: p.name
2025-10-30 19:37:30,757 - DatabaseManager - ERROR - Fetch all error: no such column: p.name
2025-10-30 19:37:30,774 - DatabaseManager - ERROR - Fetch all error: no such column: p.name
2025-10-30 19:37:30,791 - DatabaseManager - ERROR - Fetch all error: no such column: p.name
2025-10-30 19:37:30,808 - DatabaseManager - ERROR - Fetch all error: no such column: p.name
2025-10-30 19:37:30,824 - DatabaseManager - ERROR - Fetch all error: no such column: p.name
2025-10-30 19:37:30,840 - DatabaseManager - ERROR - Fetch all error: no such column: p.name
2025-10-30 19:37:30,857 - DatabaseManager - ERROR - Fetch all error: no such column: p.name
2025-10-30 19:37:30,873 - DatabaseManager - ERROR - Fetch all error: no such column: p.name
2025-10-30 19:37:30,890 - DatabaseManager - ERROR - Fetch all error: no such column: p.name
2025-10-30 19:37:30,906 - DatabaseManager - ERROR - Fetch all error: no such column: p.name
2025-10-30 19:37:30,923 - DatabaseManager - ERROR - Fetch all error: no such column: p.name
2025-10-30 19:37:30,940 - DatabaseManager - ERROR - Fetch all error: no such column: p.name
2025-10-30 19:37:30,958 - DatabaseManager - ERROR - Fetch all error: no such column: p.name
2025-10-30 19:37:30,974 - DatabaseManager - ERROR - Fetch all error: no such column: p.name
2025-10-30 19:37:30,991 - DatabaseManager - ERROR - Fetch all error: no such column: p.name
2025-10-30 19:37:31,008 - DatabaseManager - ERROR - Fetch all error: no such column: p.name
2025-10-30 19:37:31,024 - DatabaseManager - ERROR - Fetch all error: no such column: p.name
2025-10-30 19:37:31,040 - DatabaseManager - ERROR - Fetch all error: no such column: p.name
2025-10-30 19:37:31,056 - DatabaseManager - ERROR - Fetch all error: no such column: p.name
2025-10-30 19:37:31,074 - DatabaseManager - ERROR - Fetch all error: no such column: p.name
2025-10-30 19:37:31,090 - DatabaseManager - ERROR - Fetch all error: no such column: p.name
2025-10-30 19:37:31,107 - DatabaseManager - ERROR - Fetch all error: no such column: p.name
2025-10-30 19:37:31,125 - DatabaseManager - ERROR - Fetch all error: no such column: p.name
2025-10-30 19:37:31,142 - DatabaseManager - ERROR - Fetch all error: no such column: p.name
2025-10-30 19:37:31,159 - DatabaseManager - ERROR - Fetch all error: no such column: p.name
2025-10-30 19:37:31,176 - DatabaseManager - ERROR - Fetch all error: no such column: p.name
2025-10-30 19:37:31,191 - DatabaseManager - ERROR - Fetch all error: no such column: p.name
2025-10-30 19:37:31,209 - DatabaseManager - ERROR - Fetch all error: no such column: p.name
2025-10-30 19:37:31,229 - DatabaseManager - ERROR - Fetch all error: no such column: p.name
2025-10-30 19:37:31,243 - DatabaseManager - ERROR - Fetch all error: no such column: p.name
2025-10-30 19:37:31,257 - DatabaseManager - ERROR - Fetch all error: no such column: p.name
2025-10-30 19:37:31,275 - DatabaseManager - ERROR - Fetch all error: no such column: p.name
2025-10-30 19:37:31,294 - DatabaseManager - ERROR - Fetch all error: no such column: p.name
2025-10-30 19:37:31,308 - DatabaseManager - ERROR - Fetch all error: no such column: p.name
2025-10-30 19:37:31,327 - DatabaseManager - ERROR - Fetch all error: no such column: p.name
2025-10-30 19:37:31,343 - DatabaseManager - ERROR - Fetch all error: no such column: p.name
2025-10-30 19:37:31,359 - DatabaseManager - ERROR - Fetch all error: no such column: p.name
2025-10-30 19:37:31,375 - DatabaseManager - ERROR - Fetch all error: no such column: p.name
2025-10-30 19:37:31,392 - DatabaseManager - ERROR - Fetch all error: no such column: p.name
2025-10-30 19:37:31,408 - DatabaseManager - ERROR - Fetch all error: no such column: p.name
2025-10-30 19:37:31,424 - DatabaseManager - ERROR - Fetch all error: no such column: p.name
2025-10-30 19:37:31,441 - DatabaseManager - ERROR - Fetch all error: no such column: p.name
2025-10-30 19:37:31,457 - DatabaseManager - ERROR - Fetch all error: no such column: p.name
2025-10-30 19:37:31,475 - DatabaseManager - ERROR - Fetch all error: no such column: p.name
2025-10-30 19:37:31,494 - DatabaseManager - ERROR - Fetch all error: no such column: p.name
2025-10-30 19:37:31,509 - DatabaseManager - ERROR - Fetch all error: no such column: p.name
2025-10-30 19:37:31,524 - DatabaseManager - ERROR - Fetch all error: no such column: p.name
2025-10-30 19:37:31,541 - DatabaseManager - ERROR - Fetch all error: no such column: p.name
2025-10-30 19:37:31,558 - DatabaseManager - ERROR - Fetch all error: no such column: p.name
2025-10-30 19:37:31,576 - DatabaseManager - ERROR - Fetch all error: no such column: p.name
2025-10-30 19:37:31,592 - DatabaseManager - ERROR - Fetch all error: no such column: p.name
2025-10-30 19:37:31,608 - DatabaseManager - ERROR - Fetch all error: no such column: p.name
2025-10-30 19:37:31,627 - DatabaseManager - ERROR - Fetch all error: no such column: p.name
2025-10-30 19:37:31,641 - DatabaseManager - ERROR - Fetch all error: no such column: p.name
2025-10-30 19:37:31,657 - DatabaseManager - ERROR - Fetch all error: no such column: p.name
2025-10-30 19:37:31,675 - DatabaseManager - ERROR - Fetch all error: no such column: p.name
2025-10-30 19:37:31,693 - DatabaseManager - ERROR - Fetch all error: no such column: p.name
2025-10-30 19:37:31,708 - DatabaseManager - ERROR - Fetch all error: no such column: p.name
2025-10-30 19:37:31,726 - DatabaseManager - ERROR - Fetch all error: no such column: p.name
2025-10-30 19:37:31,741 - DatabaseManager - ERROR - Fetch all error: no such column: p.name
2025-10-30 19:37:31,757 - DatabaseManager - ERROR - Fetch all error: no such column: p.name
2025-10-30 19:37:31,773 - DatabaseManager - ERROR - Fetch all error: no such column: p.name
2025-10-30 19:37:31,792 - DatabaseManager - ERROR - Fetch all error: no such column: p.name
2025-10-30 19:37:31,809 - DatabaseManager - ERROR - Fetch all error: no such column: p.name
2025-10-30 19:37:31,824 - DatabaseManager - ERROR - Fetch all error: no such column: p.name
2025-10-30 19:37:31,842 - DatabaseManager - ERROR - Fetch all error: no such column: p.name
2025-10-30 19:37:31,858 - DatabaseManager - ERROR - Fetch all error: no such column: p.name
2025-10-30 19:37:31,876 - DatabaseManager - ERROR - Fetch all error: no such column: p.name
2025-10-30 19:37:31,891 - DatabaseManager - ERROR - Fetch all error: no such column: p.name
2025-10-30 19:37:31,907 - DatabaseManager - ERROR - Fetch all error: no such column: p.name
2025-10-30 19:37:31,924 - DatabaseManager - ERROR - Fetch all error: no such column: p.name
2025-10-30 19:37:31,939 - DatabaseManager - ERROR - Fetch all error: no such column: p.name
2025-10-30 19:37:31,957 - DatabaseManager - ERROR - Fetch all error: no such column: p.name
2025-10-30 19:37:31,973 - DatabaseManager - ERROR - Fetch all error: no such column: p.name
2025-10-30 19:37:31,988 - DatabaseManager - ERROR - Fetch all error: no such column: p.name
2025-10-30 19:37:32,008 - DatabaseManager - ERROR - Fetch all error: no such column: p.name
2025-10-30 19:37:32,022 - DatabaseManager - ERROR - Fetch all error: no such column: p.name
2025-10-30 19:37:32,041 - DatabaseManager - ERROR - Fetch all error: no such column: p.name
2025-10-30 19:37:32,058 - DatabaseManager - ERROR - Fetch all error: no such column: p.name
2025-10-30 19:37:32,072 - DatabaseManager - ERROR - Fetch all error: no such column: p.name
2025-10-30 19:37:32,088 - DatabaseManager - ERROR - Fetch all error: no such column: p.name
2025-10-30 19:37:32,106 - DatabaseManager - ERROR - Fetch all error: no such column: p.name
2025-10-30 19:37:32,122 - DatabaseManager - ERROR - Fetch all error: no such column: p.name
2025-10-30 19:37:32,138 - DatabaseManager - ERROR - Fetch all error: no such column: p.name
2025-10-30 19:37:32,155 - DatabaseManager - ERROR - Fetch all error: no such column: p.name
2025-10-30 19:37:32,171 - DatabaseManager - ERROR - Fetch all error: no such column: p.name
2025-10-30 19:37:32,187 - DatabaseManager - ERROR - Fetch all error: no such column: p.name
2025-10-30 19:37:32,204 - DatabaseManager - ERROR - Fetch all error: no such column: p.name
2025-10-30 19:37:32,222 - DatabaseManager - ERROR - Fetch all error: no such column: p.name
2025-10-30 19:37:32,236 - DatabaseManager - ERROR - Fetch all error: no such column: p.name
2025-10-30 19:37:32,253 - DatabaseManager - ERROR - Fetch all error: no such column: p.name
2025-10-30 19:37:32,271 - DatabaseManager - ERROR - Fetch all error: no such column: p.name
2025-10-30 19:37:32,287 - DatabaseManager - ERROR - Fetch all error: no such column: p.name
2025-10-30 19:37:32,304 - DatabaseManager - ERROR - Fetch all error: no such column: p.name
2025-10-30 19:37:32,320 - DatabaseManager - ERROR - Fetch all error: no such column: p.name
2025-10-30 19:37:32,339 - DatabaseManager - ERROR - Fetch all error: no such column: p.name
2025-10-30 19:37:32,357 - DatabaseManager - ERROR - Fetch all error: no such column: p.name
2025-10-30 19:37:32,373 - DatabaseManager - ERROR - Fetch all error: no such column: p.name
2025-10-30 19:37:32,387 - DatabaseManager - ERROR - Fetch all error: no such column: p.name
2025-10-30 19:37:32,405 - DatabaseManager - ERROR - Fetch all error: no such column: p.name
2025-10-30 19:37:32,420 - DatabaseManager - ERROR - Fetch all error: no such column: p.name
2025-10-30 19:37:32,437 - DatabaseManager - ERROR - Fetch all error: no such column: p.name
2025-10-30 19:37:32,453 - DatabaseManager - ERROR - Fetch all error: no such column: p.name
2025-10-30 19:37:32,471 - DatabaseManager - ERROR - Fetch all error: no such column: p.name
2025-10-30 19:37:32,487 - DatabaseManager - ERROR - Fetch all error: no such column: p.name
2025-10-30 19:37:32,504 - DatabaseManager - ERROR - Fetch all error: no such column: p.name
2025-10-30 19:37:32,521 - DatabaseManager - ERROR - Fetch all error: no such column: p.name
2025-10-30 19:37:32,538 - DatabaseManager - ERROR - Fetch all error: no such column: p.name
2025-10-30 19:37:32,555 - DatabaseManager - ERROR - Fetch all error: no such column: p.name
2025-10-30 19:37:32,571 - DatabaseManager - ERROR - Fetch all error: no such column: p.name
2025-10-30 19:37:32,588 - DatabaseManager - ERROR - Fetch all error: no such column: p.name
2025-10-30 19:37:32,605 - DatabaseManager - ERROR - Fetch all error: no such column: p.name
2025-10-30 19:37:32,621 - DatabaseManager - ERROR - Fetch all error: no such column: p.name
2025-10-30 19:37:32,637 - DatabaseManager - ERROR - Fetch all error: no such column: p.name
2025-10-30 19:37:32,655 - DatabaseManager - ERROR - Fetch all error: no such column: p.name
2025-10-30 19:37:32,671 - DatabaseManager - ERROR - Fetch all error: no such column: p.name
2025-10-30 19:37:32,687 - DatabaseManager - ERROR - Fetch all error: no such column: p.name
2025-10-30 19:37:32,704 - DatabaseManager - ERROR - Fetch all error: no such column: p.name
2025-10-30 19:37:32,720 - DatabaseManager - ERROR - Fetch all error: no such column: p.name
2025-10-30 19:37:32,737 - DatabaseManager - ERROR - Fetch all error: no such column: p.name
2025-10-30 19:37:32,754 - DatabaseManager - ERROR - Fetch all error: no such column: p.name
2025-10-30 19:37:32,772 - DatabaseManager - ERROR - Fetch all error: no such column: p.name
2025-10-30 19:37:32,789 - DatabaseManager - ERROR - Fetch all error: no such column: p.name
2025-10-30 19:37:32,806 - DatabaseManager - ERROR - Fetch all error: no such column: p.name
2025-10-30 19:37:32,822 - DatabaseManager - ERROR - Fetch all error: no such column: p.name
2025-10-30 19:37:32,839 - DatabaseManager - ERROR - Fetch all error: no such column: p.name
2025-10-30 19:37:32,855 - DatabaseManager - ERROR - Fetch all error: no such column: p.name
2025-10-30 19:37:32,872 - DatabaseManager - ERROR - Fetch all error: no such column: p.name
2025-10-30 19:37:32,889 - DatabaseManager - ERROR - Fetch all error: no such column: p.name
2025-10-30 19:37:32,904 - DatabaseManager - ERROR - Fetch all error: no such column: p.name
2025-10-30 19:37:32,921 - DatabaseManager - ERROR - Fetch all error: no such column: p.name
2025-10-30 19:37:32,938 - DatabaseManager - ERROR - Fetch all error: no such column: p.name
2025-10-30 19:37:32,954 - DatabaseManager - ERROR - Fetch all error: no such column: p.name
2025-10-30 19:37:32,971 - DatabaseManager - ERROR - Fetch all error: no such column: p.name
2025-10-30 19:37:32,988 - DatabaseManager - ERROR - Fetch all error: no such column: p.name
2025-10-30 19:37:33,007 - DatabaseManager - ERROR - Fetch all error: no such column: p.name
2025-10-30 19:37:33,021 - DatabaseManager - ERROR - Fetch all error: no such column: p.name
2025-10-30 19:37:33,038 - DatabaseManager - ERROR - Fetch all error: no such column: p.name
2025-10-30 19:37:33,055 - DatabaseManager - ERROR - Fetch all error: no such column: p.name
2025-10-30 19:37:33,070 - DatabaseManager - ERROR - Fetch all error: no such column: p.name
2025-10-30 19:37:33,087 - DatabaseManager - ERROR - Fetch all error: no such column: p.name
2025-10-30 19:37:33,104 - DatabaseManager - ERROR - Fetch all error: no such column: p.name
2025-10-30 19:37:33,120 - DatabaseManager - ERROR - Fetch all error: no such column: p.name
2025-10-30 19:37:33,137 - DatabaseManager - ERROR - Fetch all error: no such column: p.name
2025-10-30 19:37:33,153 - DatabaseManager - ERROR - Fetch all error: no such column: p.name
2025-10-30 19:37:33,171 - DatabaseManager - ERROR - Fetch all error: no such column: p.name
2025-10-30 19:37:33,187 - DatabaseManager - ERROR - Fetch all error: no such column: p.name
2025-10-30 19:37:33,206 - DatabaseManager - ERROR - Fetch all error: no such column: p.name
2025-10-30 19:37:33,221 - DatabaseManager - ERROR - Fetch all error: no such column: p.name
2025-10-30 19:37:33,236 - DatabaseManager - ERROR - Fetch all error: no such column: p.name
2025-10-30 19:37:33,253 - DatabaseManager - ERROR - Fetch all error: no such column: p.name
2025-10-30 19:37:33,270 - DatabaseManager - ERROR - Fetch all error: no such column: p.name
2025-10-30 19:37:33,286 - DatabaseManager - ERROR - Fetch all error: no such column: p.name
2025-10-30 19:37:33,302 - DatabaseManager - ERROR - Fetch all error: no such column: p.name
2025-10-30 19:37:33,321 - DatabaseManager - ERROR - Fetch all error: no such column: p.name
2025-10-30 19:37:33,337 - DatabaseManager - ERROR - Fetch all error: no such column: p.name
2025-10-30 19:37:33,354 - DatabaseManager - ERROR - Fetch all error: no such column: p.name
2025-10-30 19:37:33,368 - DatabaseManager - ERROR - Fetch all error: no such column: p.name
2025-10-30 19:37:33,386 - DatabaseManager - ERROR - Fetch all error: no such column: p.name
2025-10-30 19:37:33,401 - DatabaseManager - ERROR - Fetch all error: no such column: p.name
2025-10-30 19:37:33,419 - DatabaseManager - ERROR - Fetch all error: no such column: p.name
2025-10-30 19:37:33,436 - DatabaseManager - ERROR - Fetch all error: no such column: p.name
2025-10-30 19:37:33,452 - DatabaseManager - ERROR - Fetch all error: no such column: p.name
2025-10-30 19:37:33,470 - DatabaseManager - ERROR - Fetch all error: no such column: p.name
2025-10-30 19:37:33,485 - DatabaseManager - ERROR - Fetch all error: no such column: p.name
2025-10-30 19:37:33,501 - DatabaseManager - ERROR - Fetch all error: no such column: p.name
2025-10-30 19:37:33,519 - DatabaseManager - ERROR - Fetch all error: no such column: p.name
2025-10-30 19:37:33,536 - DatabaseManager - ERROR - Fetch all error: no such column: p.name
2025-10-30 19:37:33,552 - DatabaseManager - ERROR - Fetch all error: no such column: p.name
2025-10-30 19:37:33,569 - DatabaseManager - ERROR - Fetch all error: no such column: p.name
2025-10-30 19:37:33,585 - DatabaseManager - ERROR - Fetch all error: no such column: p.name
2025-10-30 19:37:33,601 - DatabaseManager - ERROR - Fetch all error: no such column: p.name
2025-10-30 19:37:33,618 - DatabaseManager - ERROR - Fetch all error: no such column: p.name
2025-10-30 19:37:33,635 - DatabaseManager - ERROR - Fetch all error: no such column: p.name
2025-10-30 19:37:33,652 - DatabaseManager - ERROR - Fetch all error: no such column: p.name
2025-10-30 19:37:33,668 - DatabaseManager - ERROR - Fetch all error: no such column: p.name
2025-10-30 19:37:33,686 - DatabaseManager - ERROR - Fetch all error: no such column: p.name
2025-10-30 19:37:33,702 - DatabaseManager - ERROR - Fetch all error: no such column: p.name
2025-10-30 19:37:33,718 - DatabaseManager - ERROR - Fetch all error: no such column: p.name
2025-10-30 19:37:33,736 - DatabaseManager - ERROR - Fetch all error: no such column: p.name
2025-10-30 19:37:33,751 - DatabaseManager - ERROR - Fetch all error: no such column: p.name
2025-10-30 19:37:33,767 - DatabaseManager - ERROR - Fetch all error: no such column: p.name
2025-10-30 19:37:33,784 - DatabaseManager - ERROR - Fetch all error: no such column: p.name
2025-10-30 19:37:33,800 - DatabaseManager - ERROR - Fetch all error: no such column: p.name
2025-10-30 19:37:33,817 - DatabaseManager - ERROR - Fetch all error: no such column: p.name
2025-10-30 19:37:33,835 - DatabaseManager - ERROR - Fetch all error: no such column: p.name
2025-10-30 19:37:33,849 - DatabaseManager - ERROR - Fetch all error: no such column: p.name
2025-10-30 19:37:33,866 - DatabaseManager - ERROR - Fetch all error: no such column: p.name
2025-10-30 19:37:33,886 - DatabaseManager - ERROR - Fetch all error: no such column: p.name
2025-10-30 19:37:33,899 - DatabaseManager - ERROR - Fetch all error: no such column: p.name
2025-10-30 19:37:33,916 - DatabaseManager - ERROR - Fetch all error: no such column: p.name
2025-10-30 19:37:33,933 - DatabaseManager - ERROR - Fetch all error: no such column: p.name
2025-10-30 19:37:33,949 - DatabaseManager - ERROR - Fetch all error: no such column: p.name
2025-10-30 19:37:33,966 - DatabaseManager - ERROR - Fetch all error: no such column: p.name
2025-10-30 19:37:33,984 - DatabaseManager - ERROR - Fetch all error: no such column: p.name
2025-10-30 19:37:34,002 - DatabaseManager - ERROR - Fetch all error: no such column: p.name
2025-10-30 19:37:34,017 - DatabaseManager - ERROR - Fetch all error: no such column: p.name
2025-10-30 19:37:34,033 - DatabaseManager - ERROR - Fetch all error: no such column: p.name
2025-10-30 19:37:34,050 - DatabaseManager - ERROR - Fetch all error: no such column: p.name
2025-10-30 19:37:34,065 - DatabaseManager - ERROR - Fetch all error: no such column: p.name
2025-10-30 19:37:34,082 - DatabaseManager - ERROR - Fetch all error: no such column: p.name
2025-10-30 19:37:34,099 - DatabaseManager - ERROR - Fetch all error: no such column: p.name
2025-10-30 19:37:34,115 - DatabaseManager - ERROR - Fetch all error: no such column: p.name
2025-10-30 19:37:34,132 - DatabaseManager - ERROR - Fetch all error: no such column: p.name
2025-10-30 19:37:34,147 - DatabaseManager - ERROR - Fetch all error: no such column: p.name
2025-10-30 19:37:34,165 - DatabaseManager - ERROR - Fetch all error: no such column: p.name
2025-10-30 19:37:34,182 - DatabaseManager - ERROR - Fetch all error: no such column: p.name
2025-10-30 19:37:34,196 - DatabaseManager - ERROR - Fetch all error: no such column: p.name
2025-10-30 19:37:34,212 - DatabaseManager - ERROR - Fetch all error: no such column: p.name
2025-10-30 19:37:34,228 - DatabaseManager - ERROR - Fetch all error: no such column: p.name
2025-10-30 19:37:34,245 - DatabaseManager - ERROR - Fetch all error: no such column: p.name
2025-10-30 19:37:34,262 - DatabaseManager - ERROR - Fetch all error: no such column: p.name
2025-10-30 19:37:34,279 - DatabaseManager - ERROR - Fetch all error: no such column: p.name
2025-10-30 19:37:34,294 - DatabaseManager - ERROR - Fetch all error: no such column: p.name
2025-10-30 19:37:34,310 - DatabaseManager - ERROR - Fetch all error: no such column: p.name
2025-10-30 19:37:34,326 - DatabaseManager - ERROR - Fetch all error: no such column: p.name
2025-10-30 19:37:34,342 - DatabaseManager - ERROR - Fetch all error: no such column: p.name
2025-10-30 19:37:34,359 - DatabaseManager - ERROR - Fetch all error: no such column: p.name
2025-10-30 19:37:34,376 - DatabaseManager - ERROR - Fetch all error: no such column: p.name
2025-10-30 19:37:34,392 - DatabaseManager - ERROR - Fetch all error: no such column: p.name
2025-10-30 19:37:34,408 - DatabaseManager - ERROR - Fetch all error: no such column: p.name
2025-10-30 19:37:34,425 - DatabaseManager - ERROR - Fetch all error: no such column: p.name
2025-10-30 19:37:34,442 - DatabaseManager - ERROR - Fetch all error: no such column: p.name
2025-10-30 19:37:34,459 - DatabaseManager - ERROR - Fetch all error: no such column: p.name
2025-10-30 19:37:34,475 - DatabaseManager - ERROR - Fetch all error: no such column: p.name
2025-10-30 19:37:34,491 - DatabaseManager - ERROR - Fetch all error: no such column: p.name
2025-10-30 19:37:34,508 - DatabaseManager - ERROR - Fetch all error: no such column: p.name
2025-10-30 19:37:34,524 - DatabaseManager - ERROR - Fetch all error: no such column: p.name
2025-10-30 19:37:34,542 - DatabaseManager - ERROR - Fetch all error: no such column: p.name
2025-10-30 19:37:34,557 - DatabaseManager - ERROR - Fetch all error: no such column: p.name
2025-10-30 19:37:34,574 - DatabaseManager - ERROR - Fetch all error: no such column: p.name
2025-10-30 19:37:34,591 - DatabaseManager - ERROR - Fetch all error: no such column: p.name
2025-10-30 19:37:34,607 - DatabaseManager - ERROR - Fetch all error: no such column: p.name
2025-10-30 19:37:34,623 - DatabaseManager - ERROR - Fetch all error: no such column: p.name
2025-10-30 19:37:34,639 - DatabaseManager - ERROR - Fetch all error: no such column: p.name
2025-10-30 19:37:34,656 - DatabaseManager - ERROR - Fetch all error: no such column: p.name
2025-10-30 19:37:34,672 - DatabaseManager - ERROR - Fetch all error: no such column: p.name
2025-10-30 19:37:34,689 - DatabaseManager - ERROR - Fetch all error: no such column: p.name
2025-10-30 19:37:34,705 - DatabaseManager - ERROR - Fetch all error: no such column: p.name
2025-10-30 19:37:34,722 - DatabaseManager - ERROR - Fetch all error: no such column: p.name
2025-10-30 19:37:34,739 - DatabaseManager - ERROR - Fetch all error: no such column: p.name
2025-10-30 19:37:34,755 - DatabaseManager - ERROR - Fetch all error: no such column: p.name
2025-10-30 19:37:34,772 - DatabaseManager - ERROR - Fetch all error: no such column: p.name
2025-10-30 19:37:34,788 - DatabaseManager - ERROR - Fetch all error: no such column: p.name
2025-10-30 19:37:34,805 - DatabaseManager - ERROR - Fetch all error: no such column: p.name
2025-10-30 19:37:34,820 - DatabaseManager - ERROR - Fetch all error: no such column: p.name
2025-10-30 19:37:34,838 - DatabaseManager - ERROR - Fetch all error: no such column: p.name
2025-10-30 19:37:34,854 - DatabaseManager - ERROR - Fetch all error: no such column: p.name
2025-10-30 19:37:34,873 - DatabaseManager - ERROR - Fetch all error: no such column: p.name
2025-10-30 19:37:34,887 - DatabaseManager - ERROR - Fetch all error: no such column: p.name
2025-10-30 19:37:34,904 - DatabaseManager - ERROR - Fetch all error: no such column: p.name
2025-10-30 19:37:34,921 - DatabaseManager - ERROR - Fetch all error: no such column: p.name
2025-10-30 19:37:34,939 - DatabaseManager - ERROR - Fetch all error: no such column: p.name
2025-10-30 19:37:34,955 - DatabaseManager - ERROR - Fetch all error: no such column: p.name
2025-10-30 19:37:34,972 - DatabaseManager - ERROR - Fetch all error: no such column: p.name
2025-10-30 19:37:34,987 - DatabaseManager - ERROR - Fetch all error: no such column: p.name
2025-10-30 19:37:35,005 - DatabaseManager - ERROR - Fetch all error: no such column: p.name
2025-10-30 19:37:35,021 - DatabaseManager - ERROR - Fetch all error: no such column: p.name
2025-10-30 19:37:35,038 - DatabaseManager - ERROR - Fetch all error: no such column: p.name
2025-10-30 19:37:35,056 - DatabaseManager - ERROR - Fetch all error: no such column: p.name
2025-10-30 19:37:35,071 - DatabaseManager - ERROR - Fetch all error: no such column: p.name
2025-10-30 19:37:35,088 - DatabaseManager - ERROR - Fetch all error: no such column: p.name
2025-10-30 19:37:35,103 - DatabaseManager - ERROR - Fetch all error: no such column: p.name
2025-10-30 19:37:35,120 - DatabaseManager - ERROR - Fetch all error: no such column: p.name
2025-10-30 19:37:35,137 - DatabaseManager - ERROR - Fetch all error: no such column: p.name
2025-10-30 19:37:35,154 - DatabaseManager - ERROR - Fetch all error: no such column: p.name
2025-10-30 19:37:35,171 - DatabaseManager - ERROR - Fetch all error: no such column: p.name
2025-10-30 19:37:35,187 - DatabaseManager - ERROR - Fetch all error: no such column: p.name
2025-10-30 19:37:35,204 - DatabaseManager - ERROR - Fetch all error: no such column: p.name
2025-10-30 19:37:35,221 - DatabaseManager - ERROR - Fetch all error: no such column: p.name
2025-10-30 19:37:35,239 - DatabaseManager - ERROR - Fetch all error: no such column: p.name
2025-10-30 19:37:35,256 - DatabaseManager - ERROR - Fetch all error: no such column: p.name
2025-10-30 19:37:35,272 - DatabaseManager - ERROR - Fetch all error: no such column: p.name
2025-10-30 19:37:35,287 - DatabaseManager - ERROR - Fetch all error: no such column: p.name
2025-10-30 19:37:35,303 - DatabaseManager - ERROR - Fetch all error: no such column: p.name
2025-10-30 19:37:35,319 - DatabaseManager - ERROR - Fetch all error: no such column: p.name
2025-10-30 19:37:35,336 - DatabaseManager - ERROR - Fetch all error: no such column: p.name
2025-10-30 19:37:35,354 - DatabaseManager - ERROR - Fetch all error: no such column: p.name
2025-10-30 19:37:35,371 - DatabaseManager - ERROR - Fetch all error: no such column: p.name
2025-10-30 19:37:35,386 - DatabaseManager - ERROR - Fetch all error: no such column: p.name
2025-10-30 19:37:35,402 - DatabaseManager - ERROR - Fetch all error: no such column: p.name
2025-10-30 19:37:35,418 - DatabaseManager - ERROR - Fetch all error: no such column: p.name
2025-10-30 19:37:35,434 - DatabaseManager - ERROR - Fetch all error: no such column: p.name
2025-10-30 19:37:35,451 - DatabaseManager - ERROR - Fetch all error: no such column: p.name
2025-10-30 19:37:35,468 - DatabaseManager - ERROR - Fetch all error: no such column: p.name
2025-10-30 19:37:35,485 - DatabaseManager - ERROR - Fetch all error: no such column: p.name
2025-10-30 19:37:35,509 - DatabaseManager - ERROR - Fetch all error: no such column: p.name
2025-10-30 19:37:35,517 - DatabaseManager - ERROR - Fetch all error: no such column: p.name
2025-10-30 19:37:35,533 - DatabaseManager - ERROR - Fetch all error: no such column: p.name
2025-10-30 19:37:35,549 - DatabaseManager - ERROR - Fetch all error: no such column: p.name
2025-10-30 19:37:35,567 - DatabaseManager - ERROR - Fetch all error: no such column: p.name
2025-10-30 19:37:35,584 - DatabaseManager - ERROR - Fetch all error: no such column: p.name
2025-10-30 19:37:35,602 - DatabaseManager - ERROR - Fetch all error: no such column: p.name
2025-10-30 19:37:35,619 - DatabaseManager - ERROR - Fetch all error: no such column: p.name
2025-10-30 19:37:35,636 - DatabaseManager - ERROR - Fetch all error: no such column: p.name
2025-10-30 19:37:35,653 - DatabaseManager - ERROR - Fetch all error: no such column: p.name
2025-10-30 19:37:35,668 - DatabaseManager - ERROR - Fetch all error: no such column: p.name
2025-10-30 19:37:35,684 - DatabaseManager - ERROR - Fetch all error: no such column: p.name
2025-10-30 19:37:35,702 - DatabaseManager - ERROR - Fetch all error: no such column: p.name
2025-10-30 19:37:35,718 - DatabaseManager - ERROR - Fetch all error: no such column: p.name
2025-10-30 19:37:35,735 - DatabaseManager - ERROR - Fetch all error: no such column: p.name
2025-10-30 19:37:35,751 - DatabaseManager - ERROR - Fetch all error: no such column: p.name
2025-10-30 19:37:35,767 - DatabaseManager - ERROR - Fetch all error: no such column: p.name
2025-10-30 19:37:35,783 - DatabaseManager - ERROR - Fetch all error: no such column: p.name
2025-10-30 19:37:35,800 - DatabaseManager - ERROR - Fetch all error: no such column: p.name
2025-10-30 19:37:35,817 - DatabaseManager - ERROR - Fetch all error: no such column: p.name
2025-10-30 19:37:35,833 - DatabaseManager - ERROR - Fetch all error: no such column: p.name
2025-10-30 19:37:35,849 - DatabaseManager - ERROR - Fetch all error: no such column: p.name
2025-10-30 19:37:35,866 - DatabaseManager - ERROR - Fetch all error: no such column: p.name
2025-10-30 19:37:35,883 - DatabaseManager - ERROR - Fetch all error: no such column: p.name
2025-10-30 19:37:35,899 - DatabaseManager - ERROR - Fetch all error: no such column: p.name
2025-10-30 19:37:35,916 - DatabaseManager - ERROR - Fetch all error: no such column: p.name
2025-10-30 19:37:35,933 - DatabaseManager - ERROR - Fetch all error: no such column: p.name
2025-10-30 19:37:35,949 - DatabaseManager - ERROR - Fetch all error: no such column: p.name
2025-10-30 19:37:35,965 - DatabaseManager - ERROR - Fetch all error: no such column: p.name
2025-10-30 19:37:35,981 - DatabaseManager - ERROR - Fetch all error: no such column: p.name
2025-10-30 19:37:35,998 - DatabaseManager - ERROR - Fetch all error: no such column: p.name
2025-10-30 19:37:36,013 - DatabaseManager - ERROR - Fetch all error: no such column: p.name
2025-10-30 19:37:36,029 - DatabaseManager - ERROR - Fetch all error: no such column: p.name
2025-10-30 19:37:36,047 - DatabaseManager - ERROR - Fetch all error: no such column: p.name
2025-10-30 19:37:36,062 - DatabaseManager - ERROR - Fetch all error: no such column: p.name
2025-10-30 19:37:36,078 - DatabaseManager - ERROR - Fetch all error: no such column: p.name
2025-10-30 19:37:36,096 - DatabaseManager - ERROR - Fetch all error: no such column: p.name
